This is pdfTeX, Version 3.14159265-2.6-1.40.17 (MiKTeX 2.9.6210 64-bit) (preloaded format=pdflatex 2017.6.1)  3 JUL 2017 12:54
entering extended mode
**./tex2pdf.8516/input.tex
(tex2pdf.8516/input.tex
LaTeX2e <2016/03/31> patch level 3
Babel <3.9r> and hyphenation patterns for 75 language(s) loaded.
("C:\Program Files\MiKTeX 2.9\tex\latex\base\article.cls"
Document Class: article 2014/09/29 v1.4h Standard LaTeX document class
("C:\Program Files\MiKTeX 2.9\tex\latex\base\size12.clo"
File: size12.clo 2014/09/29 v1.4h Standard LaTeX file (size option)
)
\c@part=\count79
\c@section=\count80
\c@subsection=\count81
\c@subsubsection=\count82
\c@paragraph=\count83
\c@subparagraph=\count84
\c@figure=\count85
\c@table=\count86
\abovecaptionskip=\skip41
\belowcaptionskip=\skip42
\bibindent=\dimen102
)
("C:\Program Files\MiKTeX 2.9\tex\latex\amsfonts\amssymb.sty"
Package: amssymb 2013/01/14 v3.01 AMS font symbols

("C:\Program Files\MiKTeX 2.9\tex\latex\amsfonts\amsfonts.sty"
Package: amsfonts 2013/01/14 v3.01 Basic AMSFonts support
\@emptytoks=\toks14
\symAMSa=\mathgroup4
\symAMSb=\mathgroup5
LaTeX Font Info:    Overwriting math alphabet `\mathfrak' in version `bold'
(Font)                  U/euf/m/n --> U/euf/b/n on input line 106.
))
("C:\Program Files\MiKTeX 2.9\tex\latex\amsmath\amsmath.sty"
Package: amsmath 2016/06/28 v2.15d AMS math features
\@mathmargin=\skip43

For additional information on amsmath, use the `?' option.
("C:\Program Files\MiKTeX 2.9\tex\latex\amsmath\amstext.sty"
Package: amstext 2000/06/29 v2.01 AMS text

("C:\Program Files\MiKTeX 2.9\tex\latex\amsmath\amsgen.sty"
File: amsgen.sty 1999/11/30 v2.0 generic functions
\@emptytoks=\toks15
\ex@=\dimen103
))
("C:\Program Files\MiKTeX 2.9\tex\latex\amsmath\amsbsy.sty"
Package: amsbsy 1999/11/29 v1.2d Bold Symbols
\pmbraise@=\dimen104
)
("C:\Program Files\MiKTeX 2.9\tex\latex\amsmath\amsopn.sty"
Package: amsopn 2016/03/08 v2.02 operator names
)
\inf@bad=\count87
LaTeX Info: Redefining \frac on input line 199.
\uproot@=\count88
\leftroot@=\count89
LaTeX Info: Redefining \overline on input line 297.
\classnum@=\count90
\DOTSCASE@=\count91
LaTeX Info: Redefining \ldots on input line 394.
LaTeX Info: Redefining \dots on input line 397.
LaTeX Info: Redefining \cdots on input line 518.
\Mathstrutbox@=\box26
\strutbox@=\box27
\big@size=\dimen105
LaTeX Font Info:    Redeclaring font encoding OML on input line 634.
LaTeX Font Info:    Redeclaring font encoding OMS on input line 635.
\macc@depth=\count92
\c@MaxMatrixCols=\count93
\dotsspace@=\muskip10
\c@parentequation=\count94
\dspbrk@lvl=\count95
\tag@help=\toks16
\row@=\count96
\column@=\count97
\maxfields@=\count98
\andhelp@=\toks17
\eqnshift@=\dimen106
\alignsep@=\dimen107
\tagshift@=\dimen108
\tagwidth@=\dimen109
\totwidth@=\dimen110
\lineht@=\dimen111
\@envbody=\toks18
\multlinegap=\skip44
\multlinetaggap=\skip45
\mathdisplay@stack=\toks19
LaTeX Info: Redefining \[ on input line 2739.
LaTeX Info: Redefining \] on input line 2740.
)
("C:\Program Files\MiKTeX 2.9\tex\generic\ifxetex\ifxetex.sty"
Package: ifxetex 2010/09/12 v0.6 Provides ifxetex conditional
)
("C:\Program Files\MiKTeX 2.9\tex\generic\oberdiek\ifluatex.sty"
Package: ifluatex 2016/05/16 v1.4 Provides the ifluatex switch (HO)
Package ifluatex Info: LuaTeX not detected.
)
("C:\Program Files\MiKTeX 2.9\tex\latex\base\fixltx2e.sty"
Package: fixltx2e 2015/06/22 v2.0b fixes to LaTeX (obsolete)


Package fixltx2e Warning: fixltx2e is not required with releases after 2015
(fixltx2e)                All fixes are now in the LaTeX kernel.
(fixltx2e)                See the latexrelease package for details.

) (C:\Users\ian.taylor\AppData\Roaming\MiKTeX\2.9\tex\latex\upquote\upquote.sty
Package: upquote 2012/04/19 v1.3 upright-quote and grave-accent glyphs in verba
tim
)
(C:\Users\ian.taylor\AppData\Roaming\MiKTeX\2.9\tex\latex\microtype\microtype.s
ty
Package: microtype 2016/05/14 v2.6a Micro-typographical refinements (RS)
 ("C:\Program Files\MiKTeX 2.9\tex\latex\graphics\keyval.sty"
Package: keyval 2014/10/28 v1.15 key=value parser (DPC)
\KV@toks@=\toks20
)
\MT@toks=\toks21
\MT@count=\count99
LaTeX Info: Redefining \textls on input line 774.
\MT@outer@kern=\dimen112
LaTeX Info: Redefining \textmicrotypecontext on input line 1310.
\MT@listname@count=\count100

(C:\Users\ian.taylor\AppData\Roaming\MiKTeX\2.9\tex\latex\microtype\microtype-p
dftex.def
File: microtype-pdftex.def 2016/05/14 v2.6a Definitions specific to pdftex (RS)

LaTeX Info: Redefining \lsstyle on input line 916.
LaTeX Info: Redefining \lslig on input line 916.
\MT@outer@space=\skip46
)
Package microtype Info: Loading configuration file microtype.cfg.

(C:\Users\ian.taylor\AppData\Roaming\MiKTeX\2.9\tex\latex\microtype\microtype.c
fg
File: microtype.cfg 2016/05/14 v2.6a microtype main configuration file (RS)
)) ("C:\Program Files\MiKTeX 2.9\tex\latex\geometry\geometry.sty"
Package: geometry 2010/09/12 v5.6 Page Geometry

("C:\Program Files\MiKTeX 2.9\tex\generic\oberdiek\ifpdf.sty"
Package: ifpdf 2016/05/14 v3.1 Provides the ifpdf switch
)
("C:\Program Files\MiKTeX 2.9\tex\generic\oberdiek\ifvtex.sty"
Package: ifvtex 2016/05/16 v1.6 Detect VTeX and its facilities (HO)
Package ifvtex Info: VTeX not detected.
)
\Gm@cnth=\count101
\Gm@cntv=\count102
\c@Gm@tempcnt=\count103
\Gm@bindingoffset=\dimen113
\Gm@wd@mp=\dimen114
\Gm@odd@mp=\dimen115
\Gm@even@mp=\dimen116
\Gm@layoutwidth=\dimen117
\Gm@layoutheight=\dimen118
\Gm@layouthoffset=\dimen119
\Gm@layoutvoffset=\dimen120
\Gm@dimlist=\toks22

("C:\Program Files\MiKTeX 2.9\tex\latex\geometry\geometry.cfg"))
("C:\Program Files\MiKTeX 2.9\tex\latex\hyperref\hyperref.sty"
Package: hyperref 2016/06/24 v6.83q Hypertext links for LaTeX

("C:\Program Files\MiKTeX 2.9\tex\generic\oberdiek\hobsub-hyperref.sty"
Package: hobsub-hyperref 2016/05/16 v1.14 Bundle oberdiek, subset hyperref (HO)


("C:\Program Files\MiKTeX 2.9\tex\generic\oberdiek\hobsub-generic.sty"
Package: hobsub-generic 2016/05/16 v1.14 Bundle oberdiek, subset generic (HO)
Package: hobsub 2016/05/16 v1.14 Construct package bundles (HO)
Package: infwarerr 2016/05/16 v1.4 Providing info/warning/error messages (HO)
Package: ltxcmds 2016/05/16 v1.23 LaTeX kernel commands for general use (HO)
Package hobsub Info: Skipping package `ifluatex' (already loaded).
Package hobsub Info: Skipping package `ifvtex' (already loaded).
Package: intcalc 2016/05/16 v1.2 Expandable calculations with integers (HO)
Package hobsub Info: Skipping package `ifpdf' (already loaded).
Package: etexcmds 2016/05/16 v1.6 Avoid name clashes with e-TeX commands (HO)
Package etexcmds Info: Could not find \expanded.
(etexcmds)             That can mean that you are not using pdfTeX 1.50 or
(etexcmds)             that some package has redefined \expanded.
(etexcmds)             In the latter case, load this package earlier.
Package: kvsetkeys 2016/05/16 v1.17 Key value parser (HO)
Package: kvdefinekeys 2016/05/16 v1.4 Define keys (HO)
Package: pdftexcmds 2016/05/21 v0.22 Utility functions of pdfTeX for LuaTeX (HO
)
Package pdftexcmds Info: LuaTeX not detected.
Package pdftexcmds Info: \pdf@primitive is available.
Package pdftexcmds Info: \pdf@ifprimitive is available.
Package pdftexcmds Info: \pdfdraftmode found.
Package: pdfescape 2016/05/16 v1.14 Implements pdfTeX's escape features (HO)
Package: bigintcalc 2016/05/16 v1.4 Expandable calculations on big integers (HO
)
Package: bitset 2016/05/16 v1.2 Handle bit-vector datatype (HO)
Package: uniquecounter 2016/05/16 v1.3 Provide unlimited unique counter (HO)
)
Package hobsub Info: Skipping package `hobsub' (already loaded).
Package: letltxmacro 2016/05/16 v1.5 Let assignment for LaTeX macros (HO)
Package: hopatch 2016/05/16 v1.3 Wrapper for package hooks (HO)
Package: xcolor-patch 2016/05/16 xcolor patch
Package: atveryend 2016/05/16 v1.9 Hooks at the very end of document (HO)
Package atveryend Info: \enddocument detected (standard20110627).
Package: atbegshi 2016/06/09 v1.18 At begin shipout hook (HO)
Package: refcount 2016/05/16 v3.5 Data extraction from label references (HO)
Package: hycolor 2016/05/16 v1.8 Color options for hyperref/bookmark (HO)
)
("C:\Program Files\MiKTeX 2.9\tex\latex\oberdiek\auxhook.sty"
Package: auxhook 2016/05/16 v1.4 Hooks for auxiliary files (HO)
)
("C:\Program Files\MiKTeX 2.9\tex\latex\oberdiek\kvoptions.sty"
Package: kvoptions 2016/05/16 v3.12 Key value format for package options (HO)
)
\@linkdim=\dimen121
\Hy@linkcounter=\count104
\Hy@pagecounter=\count105

("C:\Program Files\MiKTeX 2.9\tex\latex\hyperref\pd1enc.def"
File: pd1enc.def 2016/06/24 v6.83q Hyperref: PDFDocEncoding definition (HO)
)
\Hy@SavedSpaceFactor=\count106

("C:\Program Files\MiKTeX 2.9\tex\latex\00miktex\hyperref.cfg"
File: hyperref.cfg 2002/06/06 v1.2 hyperref configuration of TeXLive
)
Package hyperref Info: Hyper figures OFF on input line 4486.
Package hyperref Info: Link nesting OFF on input line 4491.
Package hyperref Info: Hyper index ON on input line 4494.
Package hyperref Info: Plain pages OFF on input line 4501.
Package hyperref Info: Backreferencing OFF on input line 4506.
Package hyperref Info: Implicit mode ON; LaTeX internals redefined.
Package hyperref Info: Bookmarks ON on input line 4735.
\c@Hy@tempcnt=\count107

(C:\Users\ian.taylor\AppData\Roaming\MiKTeX\2.9\tex\latex\url\url.sty
\Urlmuskip=\muskip11
Package: url 2013/09/16  ver 3.4  Verb mode for urls, etc.
)
LaTeX Info: Redefining \url on input line 5088.
\XeTeXLinkMargin=\dimen122
\Fld@menulength=\count108
\Field@Width=\dimen123
\Fld@charsize=\dimen124
Package hyperref Info: Hyper figures OFF on input line 6342.
Package hyperref Info: Link nesting OFF on input line 6347.
Package hyperref Info: Hyper index ON on input line 6350.
Package hyperref Info: backreferencing OFF on input line 6357.
Package hyperref Info: Link coloring OFF on input line 6362.
Package hyperref Info: Link coloring with OCG OFF on input line 6367.
Package hyperref Info: PDF/A mode OFF on input line 6372.
LaTeX Info: Redefining \ref on input line 6412.
LaTeX Info: Redefining \pageref on input line 6416.
\Hy@abspage=\count109
\c@Item=\count110
\c@Hfootnote=\count111
)

Package hyperref Message: Driver (autodetected): hpdftex.

("C:\Program Files\MiKTeX 2.9\tex\latex\hyperref\hpdftex.def"
File: hpdftex.def 2016/06/24 v6.83q Hyperref driver for pdfTeX
\Fld@listcount=\count112
\c@bookmark@seq@number=\count113

("C:\Program Files\MiKTeX 2.9\tex\latex\oberdiek\rerunfilecheck.sty"
Package: rerunfilecheck 2016/05/16 v1.8 Rerun checks for auxiliary files (HO)
Package uniquecounter Info: New unique counter `rerunfilecheck' on input line 2
82.
)
\Hy@SectionHShift=\skip47
)
Package hyperref Info: Option `unicode' set `true' on input line 34.

("C:\Program Files\MiKTeX 2.9\tex\latex\hyperref\puenc.def"
File: puenc.def 2016/06/24 v6.83q Hyperref: PDF Unicode definition (HO)
)
Package hyperref Info: Option `breaklinks' set `true' on input line 34.

("C:\Program Files\MiKTeX 2.9\tex\latex\graphics\graphicx.sty"
Package: graphicx 2014/10/28 v1.0g Enhanced LaTeX Graphics (DPC,SPQR)

("C:\Program Files\MiKTeX 2.9\tex\latex\graphics\graphics.sty"
Package: graphics 2016/07/10 v1.0t Standard LaTeX Graphics (DPC,SPQR)

("C:\Program Files\MiKTeX 2.9\tex\latex\graphics\trig.sty"
Package: trig 2016/01/03 v1.10 sin cos tan (DPC)
)
("C:\Program Files\MiKTeX 2.9\tex\latex\graphics-cfg\graphics.cfg"
File: graphics.cfg 2016/06/04 v1.11 sample graphics configuration
)
Package graphics Info: Driver file: pdftex.def on input line 99.

("C:\Program Files\MiKTeX 2.9\tex\latex\graphics-def\pdftex.def"
File: pdftex.def 2016/07/10 v0.06j Graphics/color for pdfTeX
\Gread@gobject=\count114
))
\Gin@req@height=\dimen125
\Gin@req@width=\dimen126
)
("C:\Program Files\MiKTeX 2.9\tex\latex\oberdiek\grffile.sty"
Package: grffile 2016/05/16 v1.17 Extended file name support for graphics (HO)
Package grffile Info: Option `multidot' is set to `true'.
Package grffile Info: Option `extendedchars' is set to `false'.
Package grffile Info: Option `space' is set to `true'.
Package grffile Info: \Gin@ii of package `graphicx' fixed on input line 486.
)
(C:\Users\ian.taylor\AppData\Roaming\MiKTeX\2.9\tex\latex\titling\titling.sty
Package: titling 2009/09/04 v2.1d maketitle typesetting
\thanksmarkwidth=\skip48
\thanksmargin=\skip49
\droptitle=\skip50
)
("C:\Program Files\MiKTeX 2.9\tex\latex\tools\tabularx.sty"
Package: tabularx 2016/02/03 v2.11 `tabularx' package (DPC)

("C:\Program Files\MiKTeX 2.9\tex\latex\tools\array.sty"
Package: array 2014/10/28 v2.4c Tabular extension package (FMi)
\col@sep=\dimen127
\extrarowheight=\dimen128
\NC@list=\toks23
\extratabsurround=\skip51
\backup@length=\skip52
)
\TX@col@width=\dimen129
\TX@old@table=\dimen130
\TX@old@col=\dimen131
\TX@target=\dimen132
\TX@delta=\dimen133
\TX@cols=\count115
\TX@ftn=\toks24
)
(C:\Users\ian.taylor\AppData\Roaming\MiKTeX\2.9\tex\latex\caption\caption.sty
Package: caption 2016/02/21 v3.3-144 Customizing captions (AR)

(C:\Users\ian.taylor\AppData\Roaming\MiKTeX\2.9\tex\latex\caption\caption3.sty
Package: caption3 2016/05/22 v1.7-166 caption3 kernel (AR)
Package caption3 Info: TeX engine: e-TeX on input line 67.
\captionmargin=\dimen134
\captionmargin@=\dimen135
\captionwidth=\dimen136
\caption@tempdima=\dimen137
\caption@indent=\dimen138
\caption@parindent=\dimen139
\caption@hangindent=\dimen140
)
\c@ContinuedFloat=\count116
Package caption Info: hyperref package is loaded.
) ("C:\Program Files\MiKTeX 2.9\tex\latex\tools\longtable.sty"
Package: longtable 2014/10/28 v4.11 Multi-page Table package (DPC)
\LTleft=\skip53
\LTright=\skip54
\LTpre=\skip55
\LTpost=\skip56
\LTchunksize=\count117
\LTcapwidth=\dimen141
\LT@head=\box28
\LT@firsthead=\box29
\LT@foot=\box30
\LT@lastfoot=\box31
\LT@cols=\count118
\LT@rows=\count119
\c@LT@tables=\count120
\c@LT@chunks=\count121
\LT@p@ftn=\toks25
)
("C:\Program Files\MiKTeX 2.9\tex\latex\graphics\rotating.sty"
Package: rotating 2016/05/22 v2.16c rotated objects in LaTeX

("C:\Program Files\MiKTeX 2.9\tex\latex\base\ifthen.sty"
Package: ifthen 2014/09/29 v1.1c Standard LaTeX ifthen package (DPC)
)
\c@r@tfl@t=\count122
\rotFPtop=\skip57
\rotFPbot=\skip58
\rot@float@box=\box32
\rot@mess@toks=\toks26
)
("C:\Program Files\MiKTeX 2.9\tex\latex\float\float.sty"
Package: float 2001/11/08 v1.3d Float enhancements (AL)
\c@float@type=\count123
\float@exts=\toks27
\float@box=\box33
\@float@everytoks=\toks28
\@floatcapt=\box34
)
(C:\Users\ian.taylor\AppData\Roaming\MiKTeX\2.9\tex\latex\placeins\placeins.sty
Package: placeins 2005/04/18  v 2.2
) ("C:\Program Files\MiKTeX 2.9\tex\latex\tools\indentfirst.sty"
Package: indentfirst 1995/11/23 v1.03 Indent first paragraph (DPC)
)
(C:\Users\ian.taylor\AppData\Roaming\MiKTeX\2.9\tex\latex\mdwtools\mdwtab.sty
Package: mdwtab 1998/04/28 1.9 Table typesetting with style
\tab@state=\count124
\tab@columns=\count125
\tab@preamble=\toks29
\tab@shortline=\toks30
\extrarowheight=\dimen142
\tabextrasep=\dimen143
\arrayextrasep=\dimen144
\smarraycolsep=\dimen145
\smarrayextrasep=\dimen146
\tab@width=\dimen147
\col@sep=\dimen148
\tab@endheight=\dimen149
\tab@leftskip=\skip59
\tab@rightskip=\skip60
\fn@notes=\box35
\fn@width=\dimen150
)
("C:\Program Files\MiKTeX 2.9\tex\latex\tools\enumerate.sty"
Package: enumerate 2015/07/23 v3.00 enumerate extensions (DPC)
\@enLab=\toks31
)
Package hyperref Info: Option `colorlinks' set `true' on input line 89.

(C:\Users\ian.taylor\AppData\Roaming\MiKTeX\2.9\tex\latex\xcolor\xcolor.sty
Package: xcolor 2016/05/11 v2.12 LaTeX color extensions (UK)

("C:\Program Files\MiKTeX 2.9\tex\latex\graphics-cfg\color.cfg"
File: color.cfg 2016/01/02 v1.6 sample color configuration
)
Package xcolor Info: Package option `usenames' ignored on input line 216.
Package xcolor Info: Driver file: pdftex.def on input line 225.
Package xcolor Info: Model `cmy' substituted by `cmy0' on input line 1348.
Package xcolor Info: Model `hsb' substituted by `rgb' on input line 1352.
Package xcolor Info: Model `RGB' extended on input line 1364.
Package xcolor Info: Model `HTML' substituted by `rgb' on input line 1366.
Package xcolor Info: Model `Hsb' substituted by `hsb' on input line 1367.
Package xcolor Info: Model `tHsb' substituted by `hsb' on input line 1368.
Package xcolor Info: Model `HSB' substituted by `hsb' on input line 1369.
Package xcolor Info: Model `Gray' substituted by `gray' on input line 1370.
Package xcolor Info: Model `wave' substituted by `hsb' on input line 1371.

("C:\Program Files\MiKTeX 2.9\tex\latex\graphics\dvipsnam.def"
File: dvipsnam.def 2016/06/17 v3.0m Driver-dependent file (DPC,SPQR)
))
(C:\Users\ian.taylor\AppData\Roaming\MiKTeX\2.9\tex\latex\soul\soul.sty
Package: soul 2003/11/17 v2.4 letterspacing/underlining (mf)
\SOUL@word=\toks32
\SOUL@lasttoken=\toks33
\SOUL@cmds=\toks34
\SOUL@buffer=\toks35
\SOUL@token=\toks36
\SOUL@spaceskip=\skip61
\SOUL@ttwidth=\dimen151
\SOUL@uldp=\dimen152
\SOUL@ulht=\dimen153
)
(C:\Users\ian.taylor\AppData\Roaming\MiKTeX\2.9\tex\latex\enumitem\enumitem.sty
Package: enumitem 2011/09/28 v3.5.2 Customized lists
\labelindent=\skip62
\enit@outerparindent=\dimen154
\enit@toks=\toks37
\enit@inbox=\box36
\enitdp@description=\count126
) (C:\Users\ian.taylor\AppData\Roaming\MiKTeX\2.9\tex\latex\lineno\lineno.sty
Package: lineno 2005/11/02 line numbers on paragraphs v4.41
\linenopenalty=\count127
\output=\toks38
\linenoprevgraf=\count128
\linenumbersep=\dimen155
\linenumberwidth=\dimen156
\c@linenumber=\count129
\c@pagewiselinenumber=\count130
\c@LN@truepage=\count131
\c@internallinenumber=\count132
\c@internallinenumbers=\count133
\quotelinenumbersep=\dimen157
\bframerule=\dimen158
\bframesep=\dimen159
\bframebox=\box37
LaTeX Info: Redefining \\ on input line 3056.
)
("C:\Program Files\MiKTeX 2.9\tex\latex\tools\verbatim.sty"
Package: verbatim 2014/10/28 v1.5q LaTeX2e package for verbatim enhancements
\every@verbatim=\toks39
\verbatim@line=\toks40
\verbatim@in@stream=\read1
)
(C:\Users\ian.taylor\AppData\Roaming\MiKTeX\2.9\tex\latex\fancyvrb\fancyvrb.sty
Package: fancyvrb 2008/02/07

Style option: `fancyvrb' v2.7a, with DG/SPQR fixes, and firstline=lastline fix 
<2008/02/07> (tvz)
\FV@CodeLineNo=\count134
\FV@InFile=\read2
\FV@TabBox=\box38
\c@FancyVerbLine=\count135
\FV@StepNumber=\count136
\FV@OutFile=\write3
) ("C:\Program Files\MiKTeX 2.9\tex\latex\base\textcomp.sty"
Package: textcomp 2016/06/19 v1.99m Standard LaTeX package
Package textcomp Info: Sub-encoding information:
(textcomp)               5 = only ISO-Adobe without \textcurrency
(textcomp)               4 = 5 + \texteuro
(textcomp)               3 = 4 + \textohm
(textcomp)               2 = 3 + \textestimated + \textcurrency
(textcomp)               1 = TS1 - \textcircled - \t
(textcomp)               0 = TS1 (full)
(textcomp)             Font families with sub-encoding setting implement
(textcomp)             only a restricted character set as indicated.
(textcomp)             Family '?' is the default used for unknown fonts.
(textcomp)             See the documentation for details.
Package textcomp Info: Setting ? sub-encoding to TS1/1 on input line 79.

("C:\Program Files\MiKTeX 2.9\tex\latex\base\ts1enc.def"
File: ts1enc.def 2001/06/05 v3.0e (jk/car/fm) Standard LaTeX file
)
LaTeX Info: Redefining \oldstylenums on input line 334.
Package textcomp Info: Setting cmr sub-encoding to TS1/0 on input line 349.
Package textcomp Info: Setting cmss sub-encoding to TS1/0 on input line 350.
Package textcomp Info: Setting cmtt sub-encoding to TS1/0 on input line 351.
Package textcomp Info: Setting cmvtt sub-encoding to TS1/0 on input line 352.
Package textcomp Info: Setting cmbr sub-encoding to TS1/0 on input line 353.
Package textcomp Info: Setting cmtl sub-encoding to TS1/0 on input line 354.
Package textcomp Info: Setting ccr sub-encoding to TS1/0 on input line 355.
Package textcomp Info: Setting ptm sub-encoding to TS1/4 on input line 356.
Package textcomp Info: Setting pcr sub-encoding to TS1/4 on input line 357.
Package textcomp Info: Setting phv sub-encoding to TS1/4 on input line 358.
Package textcomp Info: Setting ppl sub-encoding to TS1/3 on input line 359.
Package textcomp Info: Setting pag sub-encoding to TS1/4 on input line 360.
Package textcomp Info: Setting pbk sub-encoding to TS1/4 on input line 361.
Package textcomp Info: Setting pnc sub-encoding to TS1/4 on input line 362.
Package textcomp Info: Setting pzc sub-encoding to TS1/4 on input line 363.
Package textcomp Info: Setting bch sub-encoding to TS1/4 on input line 364.
Package textcomp Info: Setting put sub-encoding to TS1/5 on input line 365.
Package textcomp Info: Setting uag sub-encoding to TS1/5 on input line 366.
Package textcomp Info: Setting ugq sub-encoding to TS1/5 on input line 367.
Package textcomp Info: Setting ul8 sub-encoding to TS1/4 on input line 368.
Package textcomp Info: Setting ul9 sub-encoding to TS1/4 on input line 369.
Package textcomp Info: Setting augie sub-encoding to TS1/5 on input line 370.
Package textcomp Info: Setting dayrom sub-encoding to TS1/3 on input line 371.
Package textcomp Info: Setting dayroms sub-encoding to TS1/3 on input line 372.

Package textcomp Info: Setting pxr sub-encoding to TS1/0 on input line 373.
Package textcomp Info: Setting pxss sub-encoding to TS1/0 on input line 374.
Package textcomp Info: Setting pxtt sub-encoding to TS1/0 on input line 375.
Package textcomp Info: Setting txr sub-encoding to TS1/0 on input line 376.
Package textcomp Info: Setting txss sub-encoding to TS1/0 on input line 377.
Package textcomp Info: Setting txtt sub-encoding to TS1/0 on input line 378.
Package textcomp Info: Setting lmr sub-encoding to TS1/0 on input line 379.
Package textcomp Info: Setting lmdh sub-encoding to TS1/0 on input line 380.
Package textcomp Info: Setting lmss sub-encoding to TS1/0 on input line 381.
Package textcomp Info: Setting lmssq sub-encoding to TS1/0 on input line 382.
Package textcomp Info: Setting lmvtt sub-encoding to TS1/0 on input line 383.
Package textcomp Info: Setting lmtt sub-encoding to TS1/0 on input line 384.
Package textcomp Info: Setting qhv sub-encoding to TS1/0 on input line 385.
Package textcomp Info: Setting qag sub-encoding to TS1/0 on input line 386.
Package textcomp Info: Setting qbk sub-encoding to TS1/0 on input line 387.
Package textcomp Info: Setting qcr sub-encoding to TS1/0 on input line 388.
Package textcomp Info: Setting qcs sub-encoding to TS1/0 on input line 389.
Package textcomp Info: Setting qpl sub-encoding to TS1/0 on input line 390.
Package textcomp Info: Setting qtm sub-encoding to TS1/0 on input line 391.
Package textcomp Info: Setting qzc sub-encoding to TS1/0 on input line 392.
Package textcomp Info: Setting qhvc sub-encoding to TS1/0 on input line 393.
Package textcomp Info: Setting futs sub-encoding to TS1/4 on input line 394.
Package textcomp Info: Setting futx sub-encoding to TS1/4 on input line 395.
Package textcomp Info: Setting futj sub-encoding to TS1/4 on input line 396.
Package textcomp Info: Setting hlh sub-encoding to TS1/3 on input line 397.
Package textcomp Info: Setting hls sub-encoding to TS1/3 on input line 398.
Package textcomp Info: Setting hlst sub-encoding to TS1/3 on input line 399.
Package textcomp Info: Setting hlct sub-encoding to TS1/5 on input line 400.
Package textcomp Info: Setting hlx sub-encoding to TS1/5 on input line 401.
Package textcomp Info: Setting hlce sub-encoding to TS1/5 on input line 402.
Package textcomp Info: Setting hlcn sub-encoding to TS1/5 on input line 403.
Package textcomp Info: Setting hlcw sub-encoding to TS1/5 on input line 404.
Package textcomp Info: Setting hlcf sub-encoding to TS1/5 on input line 405.
Package textcomp Info: Setting pplx sub-encoding to TS1/3 on input line 406.
Package textcomp Info: Setting pplj sub-encoding to TS1/3 on input line 407.
Package textcomp Info: Setting ptmx sub-encoding to TS1/4 on input line 408.
Package textcomp Info: Setting ptmj sub-encoding to TS1/4 on input line 409.
)
("C:\Program Files\MiKTeX 2.9\tex\latex\graphics\lscape.sty"
Package: lscape 2000/10/22 v3.01 Landscape Pages (DPC)
)
(C:\Users\ian.taylor\AppData\Roaming\MiKTeX\2.9\tex\latex\cmap\cmap.sty
Package: cmap 2008/03/06 v1.0h CMap support: searchable PDF
)
(C:\Users\ian.taylor\AppData\Roaming\MiKTeX\2.9\tex\latex\pdfcomment\pdfcomment
.sty
Package: pdfcomment 2016/06/13 pdfcomment.sty v2.4 - Josef Kleber (C) 2008-2012
, 2015-2016
 ("C:\Program Files\MiKTeX 2.9\tex\latex\xkeyval\xkeyval.sty"
Package: xkeyval 2014/12/03 v2.7a package option processing (HA)

("C:\Program Files\MiKTeX 2.9\tex\generic\xkeyval\xkeyval.tex"
("C:\Program Files\MiKTeX 2.9\tex\generic\xkeyval\xkvutils.tex"
\XKV@toks=\toks41
\XKV@tempa@toks=\toks42
)
\XKV@depth=\count137
File: xkeyval.tex 2014/12/03 v2.7a key=value parser (HA)
))
\c@pc@count@i=\count138
\c@pc@count@ii=\count139
\c@pc@count@iii=\count140
\c@pc@count@iv=\count141
\pc@mathannot@box=\box39
\pc@nullbox=\box40
\pc@dima=\skip63
\pc@dimb=\skip64
\pc@Sposx=\skip65
\pc@Sposy=\skip66
\pc@Eposx=\skip67
\pc@Eposy=\skip68
\pc@column=\skip69
\pc@box@width=\skip70
\pc@box@height=\skip71
\pc@box@depth=\skip72

(C:\Users\ian.taylor\AppData\Roaming\MiKTeX\2.9\tex\latex\etoolbox\etoolbox.sty
Package: etoolbox 2017/01/02 v2.4 e-TeX tools for LaTeX (JAW)
\etb@tempcnta=\count142
)
(C:\Users\ian.taylor\AppData\Roaming\MiKTeX\2.9\tex\latex\datetime2\datetime2.s
ty
Package: datetime2 2016/07/12 v1.5.2 (NLCT) date and time formats

(C:\Users\ian.taylor\AppData\Roaming\MiKTeX\2.9\tex\latex\tracklang\tracklang.s
ty
Package: tracklang 2017/03/25 v1.3.4 (NLCT) Track Languages

(C:\Users\ian.taylor\AppData\Roaming\MiKTeX\2.9\tex\generic\tracklang\tracklang
.tex))) ("C:\Program Files\MiKTeX 2.9\tex\latex\oberdiek\zref-savepos.sty"
Package: zref-savepos 2016/05/21 v2.26 Module savepos for zref (HO)

("C:\Program Files\MiKTeX 2.9\tex\latex\oberdiek\zref-base.sty"
Package: zref-base 2016/05/21 v2.26 Module base for zref (HO)
Package zref Info: New property list: main on input line 759.
Package zref Info: New property: default on input line 760.
Package zref Info: New property: page on input line 761.
)
Package zref Info: New property list: savepos on input line 80.
Package zref Info: New property: posx on input line 81.
Package zref Info: New property: posy on input line 82.
)
\c@zref@unique=\count143

("C:\Program Files\MiKTeX 2.9\tex\latex\tools\calc.sty"
Package: calc 2014/10/28 v4.3 Infix arithmetic (KKT,FJ)
\calc@Acount=\count144
\calc@Bcount=\count145
\calc@Adimen=\dimen160
\calc@Bdimen=\dimen161
\calc@Askip=\skip73
\calc@Bskip=\skip74
LaTeX Info: Redefining \setlength on input line 80.
LaTeX Info: Redefining \addtolength on input line 81.
\calc@Ccount=\count146
\calc@Cskip=\skip75
)
(C:\Users\ian.taylor\AppData\Roaming\MiKTeX\2.9\tex\latex\marginnote\marginnote
.sty
Package: marginnote 2017/04/22 v1.2b non floating margin notes for LaTeX
\c@mn@abspage=\count147
)
(C:\Users\ian.taylor\AppData\Roaming\MiKTeX\2.9\tex\latex\bezos\soulpos.sty
Package: soulpos 2012/02/25 v1.0 Fancy underlining
\ulp@subcnt=\count148
\ulp@cnt=\count149
\ulp@out=\write4
\ulp@in=\read3
\ulwidth=\dimen162
)

Package hyperref Warning: Option `pdftex' has already been used,
(hyperref)                setting the option has no effect on input line 1359.

Package zref Info: New property list: pdfcomment on input line 2724.
Package zref Info: New property: PCPDFOBJID on input line 2725.
) (C:\Users\ian.taylor\AppData\Roaming\MiKTeX\2.9\tex\latex\nag\nag.sty
Package: nag 2011/11/25 0.7 warning about old commands (ulmi)
\c@nag@c=\count150
\c@nag@sins=\count151
Package nag Info: Loaded nag-l2tabu.cfg  on input line 552.

(C:\Users\ian.taylor\AppData\Roaming\MiKTeX\2.9\tex\latex\nag\nag-l2tabu.cfg
File: nag-l2tabu.cfg 2010/05/17 v2.11 l2tabu rules for nag.sty (ulmi)
)
Package nag Info: Loaded nag-orthodox.cfg  on input line 552.

(C:\Users\ian.taylor\AppData\Roaming\MiKTeX\2.9\tex\latex\nag\nag-orthodox.cfg
File: nag-orthodox.cfg 2006/04/19 v1.8 strict rules for nag.sty (ulmi)
)) (C:\SS\Yellowtail\Yellowtail2017\YTRK_doc\./tex2pdf.8516\input.aux

LaTeX Warning: Label `abundance-indices' multiply defined.


LaTeX Warning: Label `tab:Data_sources' multiply defined.


LaTeX Warning: Label `priors' multiply defined.


LaTeX Warning: Label `fig:assess_region_map' multiply defined.

)
\openout1 = `input.aux'.

LaTeX Font Info:    Checking defaults for OML/cmm/m/it on input line 129.
LaTeX Font Info:    ... okay on input line 129.
LaTeX Font Info:    Checking defaults for T1/cmr/m/n on input line 129.
LaTeX Font Info:    ... okay on input line 129.
LaTeX Font Info:    Checking defaults for OT1/cmr/m/n on input line 129.
LaTeX Font Info:    ... okay on input line 129.
LaTeX Font Info:    Checking defaults for OMS/cmsy/m/n on input line 129.
LaTeX Font Info:    ... okay on input line 129.
LaTeX Font Info:    Checking defaults for OMX/cmex/m/n on input line 129.
LaTeX Font Info:    ... okay on input line 129.
LaTeX Font Info:    Checking defaults for U/cmr/m/n on input line 129.
LaTeX Font Info:    ... okay on input line 129.
LaTeX Font Info:    Checking defaults for PD1/pdf/m/n on input line 129.
LaTeX Font Info:    ... okay on input line 129.
LaTeX Font Info:    Checking defaults for PU/pdf/m/n on input line 129.
LaTeX Font Info:    ... okay on input line 129.
LaTeX Font Info:    Checking defaults for TS1/cmr/m/n on input line 129.
LaTeX Font Info:    Try loading font information for TS1+cmr on input line 129.

 ("C:\Program Files\MiKTeX 2.9\tex\latex\base\ts1cmr.fd"
File: ts1cmr.fd 2014/09/29 v2.5h Standard LaTeX font definitions
)
LaTeX Font Info:    ... okay on input line 129.
LaTeX Info: Redefining \microtypecontext on input line 129.
Package microtype Info: Generating PDF output.
Package microtype Info: Character protrusion enabled (level 2).
Package microtype Info: Using protrusion set `basicmath'.
Package microtype Info: Automatic font expansion enabled (level 2),
(microtype)             stretch: 20, shrink: 20, step: 1, non-selected.
Package microtype Info: Using default expansion set `basictext'.
Package microtype Info: No adjustment of tracking.
Package microtype Info: No adjustment of interword spacing.
Package microtype Info: No adjustment of character kerning.

(C:\Users\ian.taylor\AppData\Roaming\MiKTeX\2.9\tex\latex\microtype\mt-cmr.cfg
File: mt-cmr.cfg 2013/05/19 v2.2 microtype config. file: Computer Modern Roman 
(RS)
)
*geometry* driver: auto-detecting
*geometry* detected driver: pdftex
*geometry* verbose mode - [ preamble ] result:
* driver: pdftex
* paper: <default>
* layout: <same size as paper>
* layoutoffset:(h,v)=(0.0pt,0.0pt)
* modes: 
* h-part:(L,W,R)=(72.26999pt, 469.75502pt, 72.26999pt)
* v-part:(T,H,B)=(72.26999pt, 650.43001pt, 72.26999pt)
* \paperwidth=614.295pt
* \paperheight=794.96999pt
* \textwidth=469.75502pt
* \textheight=650.43001pt
* \oddsidemargin=0.0pt
* \evensidemargin=0.0pt
* \topmargin=-37.0pt
* \headheight=12.0pt
* \headsep=25.0pt
* \topskip=12.0pt
* \footskip=30.0pt
* \marginparwidth=44.0pt
* \marginparsep=10.0pt
* \columnsep=10.0pt
* \skip\footins=10.8pt plus 4.0pt minus 2.0pt
* \hoffset=0.0pt
* \voffset=0.0pt
* \mag=1000
* \@twocolumnfalse
* \@twosidefalse
* \@mparswitchfalse
* \@reversemarginfalse
* (1in=72.27pt=25.4mm, 1cm=28.453pt)

\AtBeginShipoutBox=\box41
Package hyperref Info: Link coloring ON on input line 129.
("C:\Program Files\MiKTeX 2.9\tex\latex\hyperref\nameref.sty"
Package: nameref 2016/05/21 v2.44 Cross-referencing by name of section

("C:\Program Files\MiKTeX 2.9\tex\generic\oberdiek\gettitlestring.sty"
Package: gettitlestring 2016/05/16 v1.5 Cleanup title references (HO)
)
\c@section@level=\count152
)
LaTeX Info: Redefining \ref on input line 129.
LaTeX Info: Redefining \pageref on input line 129.
LaTeX Info: Redefining \nameref on input line 129.

(C:\SS\Yellowtail\Yellowtail2017\YTRK_doc\./tex2pdf.8516\input.out)
(C:\SS\Yellowtail\Yellowtail2017\YTRK_doc\./tex2pdf.8516\input.out)
\@outlinefile=\write5
\openout5 = `input.out'.


(C:\Users\ian.taylor\AppData\Roaming\MiKTeX\2.9\tex\context\base\supp-pdf.mkii
[Loading MPS to PDF converter (version 2006.09.02).]
\scratchcounter=\count153
\scratchdimen=\dimen163
\scratchbox=\box42
\nofMPsegments=\count154
\nofMParguments=\count155
\everyMPshowfont=\toks43
\MPscratchCnt=\count156
\MPscratchDim=\dimen164
\MPnumerator=\count157
\makeMPintoPDFobject=\count158
\everyMPtoPDFconversion=\toks44
) ("C:\Program Files\MiKTeX 2.9\tex\latex\oberdiek\epstopdf-base.sty"
Package: epstopdf-base 2016/05/15 v2.6 Base part for package epstopdf

("C:\Program Files\MiKTeX 2.9\tex\latex\oberdiek\grfext.sty"
Package: grfext 2016/05/16 v1.2 Manage graphics extensions (HO)
)
Package epstopdf-base Info: Redefining graphics rule for `.eps' on input line 4
38.
Package grfext Info: Graphics extension search list:
(grfext)             [.png,.pdf,.jpg,.mps,.jpeg,.jbig2,.jb2,.PNG,.PDF,.JPG,.JPE
G,.JBIG2,.JB2,.eps]
(grfext)             \AppendGraphicsExtensions on input line 456.
)
Package caption Info: Begin \AtBeginDocument code.
Package caption Info: float package is loaded.
Package caption Info: longtable package is loaded.

(C:\Users\ian.taylor\AppData\Roaming\MiKTeX\2.9\tex\latex\caption\ltcaption.sty
Package: ltcaption 2013/06/09 v1.4-94 longtable captions (AR)
)
Package caption Info: rotating package is loaded.
Package caption Info: End \AtBeginDocument code.
Package marginnote Info: \pdfoutput not 0 or unimportant and
(marginnote)             \pdflastxpos or \lastxpos available.
(marginnote)             Extended position detection mode activated.
Package nag Info: Command \frontmatter not defined, skipping amendment on input
 line 129.
Package nag Info: Command \mainmatter not defined, skipping amendment on input 
line 129.
Package nag Info: Command \backmatter not defined, skipping amendment on input 
line 129.
Package nag Info: Command \RaggedLeft not defined, skipping amendment on input 
line 129.
Package nag Info: Command \RaggedRight not defined, skipping amendment on input
 line 129.
Package nag Info: Command \captionabove not defined, skipping amendment on inpu
t line 129.
Package nag Info: Command \captionbelow not defined, skipping amendment on inpu
t line 129.
Package nag Info: Command \hc@caption not defined, skipping amendment on input 
line 129.
Package nag Info: Command \topcaption not defined, skipping amendment on input 
line 129.
<<ot1.cmap>>
<Sebastes_flavidus_with_attribution.png, id=436, 289.08pt x 216.81pt>
File: Sebastes_flavidus_with_attribution.png Graphic file (type png)

<use Sebastes_flavidus_with_attribution.png>
Package pdftex.def Info: Sebastes_flavidus_with_attribution.png used on input l
ine 140.
(pdftex.def)             Requested size: 289.09251pt x 216.81938pt.
File: Sebastes_flavidus_with_attribution.png Graphic file (type png)

<use Sebastes_flavidus_with_attribution.png>
Package pdftex.def Info: Sebastes_flavidus_with_attribution.png used on input l
ine 140.
(pdftex.def)             Requested size: 289.09251pt x 216.81938pt.
File: Sebastes_flavidus_with_attribution.png Graphic file (type png)

<use Sebastes_flavidus_with_attribution.png>
Package pdftex.def Info: Sebastes_flavidus_with_attribution.png used on input l
ine 140.
(pdftex.def)             Requested size: 289.09251pt x 216.81938pt.
File: Sebastes_flavidus_with_attribution.png Graphic file (type png)

<use Sebastes_flavidus_with_attribution.png>
Package pdftex.def Info: Sebastes_flavidus_with_attribution.png used on input l
ine 140.
(pdftex.def)             Requested size: 289.09251pt x 216.81938pt.
<<oml.cmap>><<oms.cmap>><<omx.cmap>>
LaTeX Font Info:    Try loading font information for U+msa on input line 144.
 ("C:\Program Files\MiKTeX 2.9\tex\latex\amsfonts\umsa.fd"
File: umsa.fd 2013/01/14 v3.01 AMS symbols A
)
(C:\Users\ian.taylor\AppData\Roaming\MiKTeX\2.9\tex\latex\microtype\mt-msa.cfg
File: mt-msa.cfg 2006/02/04 v1.1 microtype config. file: AMS symbols (a) (RS)
)
LaTeX Font Info:    Try loading font information for U+msb on input line 144.
("C:\Program Files\MiKTeX 2.9\tex\latex\amsfonts\umsb.fd"
File: umsb.fd 2013/01/14 v3.01 AMS symbols B
)
(C:\Users\ian.taylor\AppData\Roaming\MiKTeX\2.9\tex\latex\microtype\mt-msb.cfg
File: mt-msb.cfg 2005/06/01 v1.0 microtype config. file: AMS symbols (b) (RS)
) [1

\openout4 = `input.upa'.

{C:/Users/ian.taylor/AppData/Local/MiKTeX/2.9/pdftex/config/pdftex.map} <./Seba
stes_flavidus_with_attribution.png>]
(C:\SS\Yellowtail\Yellowtail2017\YTRK_doc\./tex2pdf.8516\input.toc [1] [2]
[3])
\tf@toc=\write6
\openout6 = `input.toc'.

 [4] <Figures/assess_region_map_v2.png, id=579, 469.755pt x 578.16pt>
File: Figures/assess_region_map_v2.png Graphic file (type png)

<use Figures/assess_region_map_v2.png>
Package pdftex.def Info: Figures/assess_region_map_v2.png used on input line 20
6.
(pdftex.def)             Requested size: 469.75386pt x 578.15858pt.
pdfTeX warning (ext4): destination with the same identifier (name{page.1}) has 
been already used, duplicate ignored
<to be read again> 
                   \relax 
l.233 \FloatBarrier
                    [1] [2 <./Figures/assess_region_map_v2.png>]
<./tex2pdf.8516/8616d24217d6e2dafcc25b02dd3f642fb3bfe2cd.png, id=599, 469.755pt
 x 361.35pt>
File: ./tex2pdf.8516/8616d24217d6e2dafcc25b02dd3f642fb3bfe2cd.png Graphic file 
(type png)
 <use ./tex2pdf.8516/8616d24217d6e2dafcc25b02dd3f642fb3bfe2cd.png>
Package pdftex.def Info: ./tex2pdf.8516/8616d24217d6e2dafcc25b02dd3f642fb3bfe2c
d.png used on input line 261.
(pdftex.def)             Requested size: 469.75386pt x 361.34912pt.

<./tex2pdf.8516/59e7430368fa3ab4a2073f82708e5c840614580b.png, id=600, 469.755pt
 x 361.35pt>
File: ./tex2pdf.8516/59e7430368fa3ab4a2073f82708e5c840614580b.png Graphic file 
(type png)
 <use ./tex2pdf.8516/59e7430368fa3ab4a2073f82708e5c840614580b.png>
Package pdftex.def Info: ./tex2pdf.8516/59e7430368fa3ab4a2073f82708e5c840614580
b.png used on input line 270.
(pdftex.def)             Requested size: 469.75386pt x 361.34912pt.

[3] [4 <./tex2pdf.8516/8616d24217d6e2dafcc25b02dd3f642fb3bfe2cd.png>] [5 <./tex
2pdf.8516/59e7430368fa3ab4a2073f82708e5c840614580b.png>] [6] [7]
<r4ss/plots_compare/base_compare2_spawnbio_uncertainty.png, id=640, 469.755pt x
 361.35pt>
File: r4ss/plots_compare/base_compare2_spawnbio_uncertainty.png Graphic file (t
ype png)
 <use r4ss/plots_compare/base_compare2_spawnbio_uncertainty.png>
Package pdftex.def Info: r4ss/plots_compare/base_compare2_spawnbio_uncertainty.
png used on input line 418.
(pdftex.def)             Requested size: 469.75386pt x 361.34912pt.

<r4ss/plots_compare/base_compare4_Bratio_uncertainty.png, id=641, 469.755pt x 3
61.35pt>
File: r4ss/plots_compare/base_compare4_Bratio_uncertainty.png Graphic file (typ
e png)
 <use r4ss/plots_compare/base_compare4_Bratio_uncertainty.png>
Package pdftex.def Info: r4ss/plots_compare/base_compare4_Bratio_uncertainty.pn
g used on input line 426.
(pdftex.def)             Requested size: 469.75386pt x 361.34912pt.
 [8 <./r4ss/plots_compare/base_compare2_spawnbio_uncertainty.png>] [9 <./r4ss/p
lots_compare/base_compare4_Bratio_uncertainty.png>]
<r4ss/plots_compare/base_compare8_recruits_uncertainty.png, id=657, 469.755pt x
 361.35pt>
File: r4ss/plots_compare/base_compare8_recruits_uncertainty.png Graphic file (t
ype png)
 <use r4ss/plots_compare/base_compare8_recruits_uncertainty.png>
Package pdftex.def Info: r4ss/plots_compare/base_compare8_recruits_uncertainty.
png used on input line 491.
(pdftex.def)             Requested size: 469.75386pt x 361.34912pt.

[10

] [11 <./r4ss/plots_compare/base_compare8_recruits_uncertainty.png>]
<r4ss/plots_compare/base_compare6_SPRratio_uncertainty.png, id=674, 469.755pt x
 361.35pt>
File: r4ss/plots_compare/base_compare6_SPRratio_uncertainty.png Graphic file (t
ype png)
 <use r4ss/plots_compare/base_compare6_SPRratio_uncertainty.png>
Package pdftex.def Info: r4ss/plots_compare/base_compare6_SPRratio_uncertainty.
png used on input line 569.
(pdftex.def)             Requested size: 469.75386pt x 361.34912pt.

<r4ss/plots_compare/base_compare13_phase_plot.png, id=675, 469.755pt x 361.35pt
>
File: r4ss/plots_compare/base_compare13_phase_plot.png Graphic file (type png)
 <use r4ss/plots_compare/base_compare13_phase_plot.png>
Package pdftex.def Info: r4ss/plots_compare/base_compare13_phase_plot.png used 
on input line 580.
(pdftex.def)             Requested size: 469.75386pt x 361.34912pt.
 [12] [13 <./r4ss/plots_compare/base_compare6_SPRratio_uncertainty.png>] [14 <.
/r4ss/plots_compare/base_compare13_phase_plot.png>]
Overfull \hbox (5.43329pt too wide) in paragraph at lines 653--653
 []\OT1/cmr/bx/n/12 Estimate 
 []


Overfull \hbox (10.70502pt too wide) in paragraph at lines 651--677
 [][] 
 []


Overfull \hbox (5.43329pt too wide) in paragraph at lines 684--684
 []\OT1/cmr/bx/n/12 Estimate 
 []


Overfull \hbox (10.70502pt too wide) in paragraph at lines 682--708
 [][] 
 []

[15] [16] [17] [18

]
Overfull \hbox (35.68282pt too wide) in paragraph at lines 999--1000
 [][] 
 []


<r4ss/plots_compare/yield_comparison_n_models.png, id=730, 469.755pt x 469.755p
t>
File: r4ss/plots_compare/yield_comparison_n_models.png Graphic file (type png)
 <use r4ss/plots_compare/yield_comparison_n_models.png>
Package pdftex.def Info: r4ss/plots_compare/yield_comparison_n_models.png used 
on input line 1004.
(pdftex.def)             Requested size: 469.75386pt x 469.75386pt.
 [19] [20 <./r4ss/plots_compare/yield_comparison_n_models.png>] [21] [22] [23] 
[24] [25

] [26]
[27] [28] [29] [30]
Missing character: There is no √ in font cmr12!
Missing character: There is no ¢ in font cmr12!
Missing character: There is no ¬ in font cmr12!
Missing character: There is no Ä in font cmr12!
Missing character: There is no √ in font cmr12!
Missing character: There is no ¢ in font cmr12!
Missing character: There is no ¬ in font cmr12!
Missing character: There is no Ä in font cmr12!
Missing character: There is no ¬ in font cmr12!
Missing character: There is no ì in font cmr12!
 [31]
Missing character: There is no √ in font cmr12!
Missing character: There is no ° in font cmr12!
 [32]
Missing character: There is no √ in font cmr12!
Missing character: There is no ¢ in font cmr12!
Missing character: There is no ¬ in font cmr12!
Missing character: There is no Ä in font cmr12!
Missing character: There is no ¬ in font cmr12!
Missing character: There is no ú in font cmr12!
Missing character: There is no √ in font cmr12!
Missing character: There is no ¢ in font cmr12!
Missing character: There is no ¬ in font cmr12!
Missing character: There is no Ä in font cmr12!
Missing character: There is no ¬ in font cmr12!
Missing character: There is no ù in font cmr12!
 [33] [34] [35] [36] [37

] [38] [39] [40

] [41]
[42] [43] [44] [45]
LaTeX Font Info:    Try loading font information for OML+cmr on input line 2087
.
 ("C:\Program Files\MiKTeX 2.9\tex\latex\base\omlcmr.fd"
File: omlcmr.fd 2014/09/29 v2.5h Standard LaTeX font definitions
)
LaTeX Font Info:    Font shape `OML/cmr/m/n' in size <12> not available
(Font)              Font shape `OML/cmm/m/it' tried instead on input line 2087.


[46] [47] [48] [49

]
Underfull \hbox (badness 10000) in paragraph at lines 2292--2293

 []


Underfull \hbox (badness 10000) in paragraph at lines 2298--2299

 []


Underfull \hbox (badness 10000) in paragraph at lines 2304--2305

 []


Underfull \hbox (badness 10000) in paragraph at lines 2310--2312

 []

[50

]
LaTeX Font Info:    Try loading font information for OMS+cmr on input line 2372
.
 ("C:\Program Files\MiKTeX 2.9\tex\latex\base\omscmr.fd"
File: omscmr.fd 2014/09/29 v2.5h Standard LaTeX font definitions
)
LaTeX Font Info:    Font shape `OMS/cmr/m/n' in size <12> not available
(Font)              Font shape `OMS/cmsy/m/n' tried instead on input line 2372.

 [51

] [52]
[53] [54] [55] [56] [57

]

LaTeX Warning: Reference `fig:mod2_17_comp_lenfit_flt5mkt2' on page 58 undefine
d on input line 2744.


LaTeX Warning: Reference `fig:mod2_20_comp_lenfit_data_weighting_TA1.8_Recreati
onal Study' on page 58 undefined on input line 2745.


LaTeX Warning: Reference `fig:mod2_1_comp_agefit_flt1mkt2' on page 58 undefined
 on input line 2763.


LaTeX Warning: Reference `fig:mod2_4_comp_agefit_data_weighting_TA1.8_Recreatio
nal Fishery' on page 58 undefined on input line 2766.


LaTeX Warning: Reference `fig:mod2_5_comp_agefit_flt4mkt0' on page 58 undefined
 on input line 2770.

[58]

LaTeX Warning: Reference `fig:sens_S_M' on page 59 undefined on input line 2827
.


LaTeX Warning: Reference `fig:sens_S_bio' on page 59 undefined on input line 28
29.


LaTeX Warning: Reference `fig:sens_S_indices' on page 59 undefined on input lin
e 2829.


LaTeX Warning: Reference `fig:sens_S_Other' on page 59 undefined on input line 
2832.

[59] [60] [61] [62] [63]
Overfull \hbox (28.50682pt too wide) in alignment at lines 3006--3011
 [] [] [] [] [] [] [] [] [] 
 []


Overfull \hbox (28.50682pt too wide) in alignment at lines 3011--3014
 [] [] [] [] [] [] [] [] [] 
 []


Overfull \hbox (28.50682pt too wide) in alignment at lines 3014--3015
 [] [] [] [] [] [] [] [] [] 
 []


Overfull \hbox (28.50682pt too wide) in alignment at lines 3015--3037
 [] [] [] [] [] [] [] [] [] 
 []


Underfull \vbox (badness 10000) detected at line 3037
 []


Overfull \hbox (28.50682pt too wide) in alignment at lines 3037--3057
 [] [] [] [] [] [] [] [] [] 
 []


Overfull \hbox (28.50682pt too wide) in alignment at lines 3057--3077
 [] [] [] [] [] [] [] [] [] 
 []

[64]
Overfull \hbox (28.50682pt too wide) in alignment at lines 3077--3097
 [] [] [] [] [] [] [] [] [] 
 []


Overfull \hbox (28.50682pt too wide) in alignment at lines 3097--3117
 [] [] [] [] [] [] [] [] [] 
 []

[65]
Overfull \hbox (28.50682pt too wide) in alignment at lines 3117--3137
 [] [] [] [] [] [] [] [] [] 
 []


Overfull \hbox (28.50682pt too wide) in alignment at lines 3137--3148
 [] [] [] [] [] [] [] [] [] 
 []

[66] [67]
Overfull \hbox (43.52995pt too wide) in alignment at lines 3222--3227
 [] [] [] [] [] [] [] [] [] [] [] 
 []


Overfull \hbox (43.52995pt too wide) in alignment at lines 3227--3230
 [] [] [] [] [] [] [] [] [] [] [] 
 []


Overfull \hbox (43.52995pt too wide) in alignment at lines 3230--3231
 [] [] [] [] [] [] [] [] [] [] [] 
 []


Overfull \hbox (43.52995pt too wide) in alignment at lines 3231--3253
 [] [] [] [] [] [] [] [] [] [] [] 
 []


Underfull \vbox (badness 10000) detected at line 3253
 []


Overfull \hbox (43.52995pt too wide) in alignment at lines 3253--3273
 [] [] [] [] [] [] [] [] [] [] [] 
 []


Overfull \hbox (43.52995pt too wide) in alignment at lines 3273--3281
 [] [] [] [] [] [] [] [] [] [] [] 
 []

[68] [69]
Underfull \vbox (badness 10000) detected at line 3316
 []

[70] [71]
Overfull \hbox (1.03659pt too wide) in paragraph at lines 3354--3364
 [][] 
 []

[72]
Overfull \hbox (37.3978pt too wide) in paragraph at lines 3372--3418
 [][] 
 []

[73]
Overfull \hbox (34.08334pt too wide) in alignment at lines 3423--3435
 [] [] [] [] [] [] [] [] 
 []


Overfull \hbox (34.08334pt too wide) in alignment at lines 3435--3438
 [] [] [] [] [] [] [] [] 
 []


Overfull \hbox (34.08334pt too wide) in alignment at lines 3438--3439
 [] [] [] [] [] [] [] [] 
 []


Overfull \hbox (34.08334pt too wide) in alignment at lines 3439--3461
 [] [] [] [] [] [] [] [] 
 []


Underfull \vbox (badness 10000) detected at line 3461
 []


Overfull \hbox (34.08334pt too wide) in alignment at lines 3461--3481
 [] [] [] [] [] [] [] [] 
 []


Overfull \hbox (34.08334pt too wide) in alignment at lines 3481--3501
 [] [] [] [] [] [] [] [] 
 []

[74


]
Overfull \hbox (34.08334pt too wide) in alignment at lines 3501--3521
 [] [] [] [] [] [] [] [] 
 []

[75]
Overfull \hbox (34.08334pt too wide) in alignment at lines 3521--3526
 [] [] [] [] [] [] [] [] 
 []

[76] [77]
Overfull \hbox (11.02611pt too wide) in paragraph at lines 3556--3556
 []\OT1/cmr/m/n/12 (-20) McAllister- 
 []


Overfull \hbox (4.92958pt too wide) in paragraph at lines 3565--3565
 []\OT1/cmr/m/n/12 (-20) Spawning 
 []


Underfull \vbox (badness 10000) detected at line 3587
 []

[78

] [79] [80] [81] [82] [83

]
Underfull \vbox (badness 10000) detected at line 3767
 []

[84] [85] [86] [87]
Overfull \hbox (56.58778pt too wide) in alignment at lines 3902--3907
 [] [] [] [] [] [] [] [] 
 []


Overfull \hbox (56.58778pt too wide) in alignment at lines 3907--3910
 [] [] [] [] [] [] [] [] 
 []


Overfull \hbox (56.58778pt too wide) in alignment at lines 3910--3911
 [] [] [] [] [] [] [] [] 
 []


Overfull \hbox (56.58778pt too wide) in alignment at lines 3911--3933
 [] [] [] [] [] [] [] [] 
 []


Underfull \vbox (badness 10000) detected at line 3933
 []


Overfull \hbox (56.58778pt too wide) in alignment at lines 3933--3955
 [] [] [] [] [] [] [] [] 
 []

[88]
Underfull \vbox (badness 10000) detected at line 3990
 []

[89] [90]
Overfull \hbox (11.4564pt too wide) in paragraph at lines 4026--4069
 [][] 
 []

[91]
Overfull \hbox (15.00078pt too wide) in alignment at lines 4074--4086
 [] [] [] [] [] [] [] [] 
 []


Overfull \hbox (15.00078pt too wide) in alignment at lines 4086--4089
 [] [] [] [] [] [] [] [] 
 []


Overfull \hbox (15.00078pt too wide) in alignment at lines 4089--4090
 [] [] [] [] [] [] [] [] 
 []


Overfull \hbox (15.00078pt too wide) in alignment at lines 4090--4112
 [] [] [] [] [] [] [] [] 
 []


Underfull \vbox (badness 10000) detected at line 4112
 []


Overfull \hbox (15.00078pt too wide) in alignment at lines 4112--4132
 [] [] [] [] [] [] [] [] 
 []


Overfull \hbox (15.00078pt too wide) in alignment at lines 4132--4152
 [] [] [] [] [] [] [] [] 
 []

[92


]
Overfull \hbox (15.00078pt too wide) in alignment at lines 4152--4155
 [] [] [] [] [] [] [] [] 
 []

[93] [94]
Overfull \hbox (15.78752pt too wide) in paragraph at lines 4188--4188
 []\OT1/cmr/m/n/12 (-20) Base[]Model 
 []


Overfull \hbox (5.70343pt too wide) in paragraph at lines 4188--4188
 []\OT1/cmr/m/n/12 (-20) North[]Ms 
 []


Overfull \hbox (5.19073pt too wide) in paragraph at lines 4188--4188
 []\OT1/cmr/m/n/12 (-20) 483155.00 
 []


Overfull \hbox (5.19073pt too wide) in paragraph at lines 4188--4188
 []\OT1/cmr/m/n/12 (-20) 483562.00 
 []


Overfull \hbox (5.19073pt too wide) in paragraph at lines 4188--4188
 []\OT1/cmr/m/n/12 (-20) 484894.00 
 []


Overfull \hbox (5.19073pt too wide) in paragraph at lines 4188--4188
 []\OT1/cmr/m/n/12 (-20) 484894.00 
 []


Overfull \hbox (15.78752pt too wide) in paragraph at lines 4219--4219
 []\OT1/cmr/m/n/12 (-20) Base[]Model 
 []


Overfull \hbox (3.24664pt too wide) in paragraph at lines 4219--4219
 []\OT1/cmr/m/n/12 (-20) Split[]Rec 
 []


Overfull \hbox (5.19073pt too wide) in paragraph at lines 4219--4219
 []\OT1/cmr/m/n/12 (-20) 483155.00 
 []


Overfull \hbox (5.19073pt too wide) in paragraph at lines 4219--4219
 []\OT1/cmr/m/n/12 (-20) 484753.00 
 []


Overfull \hbox (5.19073pt too wide) in paragraph at lines 4219--4219
 []\OT1/cmr/m/n/12 (-20) 435922.00 
 []


Overfull \hbox (4.92958pt too wide) in paragraph at lines 4228--4228
 []\OT1/cmr/m/n/12 (-20) Spawning 
 []


Underfull \vbox (badness 10000) detected at line 4250
 []

[95

] [96] [97] [98] [99] [100] [101

]
File: Figures/assess_region_map_v2.png Graphic file (type png)
 <use Figures/assess_region_map_v2.png>
Package pdftex.def Info: Figures/assess_region_map_v2.png used on input line 44
01.
(pdftex.def)             Requested size: 469.75386pt x 578.15858pt.

<Figures/survey_hauls_map.png, id=1446, 578.16pt x 469.755pt>
File: Figures/survey_hauls_map.png Graphic file (type png)

<use Figures/survey_hauls_map.png>
Package pdftex.def Info: Figures/survey_hauls_map.png used on input line 4408.
(pdftex.def)             Requested size: 469.75385pt x 381.675pt.
 [102] [103] [104 <./Figures/survey_hauls_map.png (PNG copy)>]
<Figures/YT_Propmat_update3_22.jpeg, id=1461, 456.95718pt x 306.39468pt>
File: Figures/YT_Propmat_update3_22.jpeg Graphic file (type jpg)

<use Figures/YT_Propmat_update3_22.jpeg>
Package pdftex.def Info: Figures/YT_Propmat_update3_22.jpeg used on input line 
4421.
(pdftex.def)             Requested size: 456.96999pt x 306.40327pt.

<Figures/weight-length_fit.png, id=1462, 469.755pt x 289.08pt>
File: Figures/weight-length_fit.png Graphic file (type png)

<use Figures/weight-length_fit.png>
Package pdftex.def Info: Figures/weight-length_fit.png used on input line 4430.

(pdftex.def)             Requested size: 469.75386pt x 289.07928pt.

<r4ss/plots_compare/growth_comparison.png, id=1463, 469.755pt x 289.08pt>
File: r4ss/plots_compare/growth_comparison.png Graphic file (type png)

<use r4ss/plots_compare/growth_comparison.png>
Package pdftex.def Info: r4ss/plots_compare/growth_comparison.png used on input
 line 4440.
(pdftex.def)             Requested size: 469.75386pt x 289.07928pt.
 [105 <./Figures/YT_Propmat_update3_22.jpeg>] [106 <./Figures/weight-length_fit
.png (PNG copy)>] [107 <./r4ss/plots_compare/growth_comparison.png>]
<r4ss/plots_mod1/data_plot.png, id=1477, 469.755pt x 361.35pt>
File: r4ss/plots_mod1/data_plot.png Graphic file (type png)

<use r4ss/plots_mod1/data_plot.png>
Package pdftex.def Info: r4ss/plots_mod1/data_plot.png used on input line 4456.

(pdftex.def)             Requested size: 469.75386pt x 361.34912pt.

<./tex2pdf.8516/2c0ba03e3878479f1d2a6f0215f507eb3bc3d0b9.png, id=1478, 469.755p
t x 361.35pt>
File: ./tex2pdf.8516/2c0ba03e3878479f1d2a6f0215f507eb3bc3d0b9.png Graphic file 
(type png)

<use ./tex2pdf.8516/2c0ba03e3878479f1d2a6f0215f507eb3bc3d0b9.png>
Package pdftex.def Info: ./tex2pdf.8516/2c0ba03e3878479f1d2a6f0215f507eb3bc3d0b
9.png used on input line 4465.
(pdftex.def)             Requested size: 469.75386pt x 361.34912pt.

<./tex2pdf.8516/c417c480fe3eca74f4ee871be943f8c49dab0918.png, id=1479, 469.755p
t x 361.35pt>
File: ./tex2pdf.8516/c417c480fe3eca74f4ee871be943f8c49dab0918.png Graphic file 
(type png)

<use ./tex2pdf.8516/c417c480fe3eca74f4ee871be943f8c49dab0918.png>
Package pdftex.def Info: ./tex2pdf.8516/c417c480fe3eca74f4ee871be943f8c49dab091
8.png used on input line 4475.
(pdftex.def)             Requested size: 469.75386pt x 361.34912pt.
 [108 <./r4ss/plots_mod1/data_plot.png>] [109 <./tex2pdf.8516/2c0ba03e3878479f1
d2a6f0215f507eb3bc3d0b9.png>] [110 <./tex2pdf.8516/c417c480fe3eca74f4ee871be943
f8c49dab0918.png>]
<r4ss/plots_mod1/sel01_multiple_fleets_length1.png, id=1496, 469.755pt x 361.35
pt>
File: r4ss/plots_mod1/sel01_multiple_fleets_length1.png Graphic file (type png)

 <use r4ss/plots_mod1/sel01_multiple_fleets_length1.png>
Package pdftex.def Info: r4ss/plots_mod1/sel01_multiple_fleets_length1.png used
 on input line 4492.
(pdftex.def)             Requested size: 469.75386pt x 361.34912pt.

<r4ss/plots_mod1/time-varying_retention.png, id=1497, 469.755pt x 361.35pt>
File: r4ss/plots_mod1/time-varying_retention.png Graphic file (type png)

<use r4ss/plots_mod1/time-varying_retention.png>
Package pdftex.def Info: r4ss/plots_mod1/time-varying_retention.png used on inp
ut line 4499.
(pdftex.def)             Requested size: 469.75386pt x 361.34912pt.
 [111 <./r4ss/plots_mod1/sel01_multiple_fleets_length1.png>] [112 <./r4ss/plots
_mod1/time-varying_retention.png>]
<./tex2pdf.8516/655472d5c8d6ebf599a75c26e147eee790f80f06.png, id=1508, 469.755p
t x 361.35pt>
File: ./tex2pdf.8516/655472d5c8d6ebf599a75c26e147eee790f80f06.png Graphic file 
(type png)

<use ./tex2pdf.8516/655472d5c8d6ebf599a75c26e147eee790f80f06.png>
Package pdftex.def Info: ./tex2pdf.8516/655472d5c8d6ebf599a75c26e147eee790f80f0
6.png used on input line 4510.
(pdftex.def)             Requested size: 469.75386pt x 361.34912pt.
 [113 <./tex2pdf.8516/655472d5c8d6ebf599a75c26e147eee790f80f06.png>]
<Figures/ASHOP_hauls_observed_by_state.png, id=1514, 469.755pt x 289.08pt>
File: Figures/ASHOP_hauls_observed_by_state.png Graphic file (type png)

<use Figures/ASHOP_hauls_observed_by_state.png>
Package pdftex.def Info: Figures/ASHOP_hauls_observed_by_state.png used on inpu
t line 4524.
(pdftex.def)             Requested size: 469.75386pt x 289.07928pt.

<Figures/Hake_fishery_catch_history.png, id=1515, 843.15pt x 392.21532pt>
File: Figures/Hake_fishery_catch_history.png Graphic file (type png)

<use Figures/Hake_fishery_catch_history.png>
Package pdftex.def Info: Figures/Hake_fishery_catch_history.png used on input l
ine 4534.
(pdftex.def)             Requested size: 469.75494pt x 218.51993pt.

<Figures/ASHOP_catchability_illustration.png, id=1516, 469.755pt x 505.89pt>
File: Figures/ASHOP_catchability_illustration.png Graphic file (type png)

<use Figures/ASHOP_catchability_illustration.png>
Package pdftex.def Info: Figures/ASHOP_catchability_illustration.png used on in
put line 4543.
(pdftex.def)             Requested size: 469.75386pt x 505.88875pt.

<Figures/ASHOP_index_illustration.png, id=1517, 469.755pt x 289.08pt>
File: Figures/ASHOP_index_illustration.png Graphic file (type png)

<use Figures/ASHOP_index_illustration.png>
Package pdftex.def Info: Figures/ASHOP_index_illustration.png used on input lin
e 4550.
(pdftex.def)             Requested size: 469.75386pt x 289.07928pt.

<./tex2pdf.8516/418876a3152ede9954286c6d4a46a55943e1c5b6.png, id=1518, 1346.751
45pt x 1768.08556pt>
File: ./tex2pdf.8516/418876a3152ede9954286c6d4a46a55943e1c5b6.png Graphic file 
(type png)

<use ./tex2pdf.8516/418876a3152ede9954286c6d4a46a55943e1c5b6.png>
Package pdftex.def Info: ./tex2pdf.8516/418876a3152ede9954286c6d4a46a55943e1c5b
6.png used on input line 4559.
(pdftex.def)             Requested size: 469.74664pt x 616.7079pt.


LaTeX Warning: Float too large for page by 5.27788pt on input line 4562.

<Figures/Q-Q_plots_VAST.png, id=1519, 596.2275pt x 596.2275pt>
File: Figures/Q-Q_plots_VAST.png Graphic file (type png)

<use Figures/Q-Q_plots_VAST.png>
Package pdftex.def Info: Figures/Q-Q_plots_VAST.png used on input line 4566.
(pdftex.def)             Requested size: 469.75908pt x 469.75908pt.

<Figures/VAST_NWFSCcombo/NWFSC_index_compare.png, id=1520, 505.89pt x 361.35pt>
File: Figures/VAST_NWFSCcombo/NWFSC_index_compare.png Graphic file (type png)
<use Figures/VAST_NWFSCcombo/NWFSC_index_compare.png>
Package pdftex.def Info: Figures/VAST_NWFSCcombo/NWFSC_index_compare.png used o
n input line 4576.
(pdftex.def)             Requested size: 469.76265pt x 335.54477pt.
 [114 <./Figures/ASHOP_hauls_observed_by_state.png>] [115 <./Figures/Hake_fishe
ry_catch_history.png>]
[116 <./Figures/ASHOP_catchability_illustration.png>] [117 <./Figures/ASHOP_ind
ex_illustration.png>] [118 <./tex2pdf.8516/418876a3152ede9954286c6d4a46a55943e1
c5b6.png>] [119 <./Figures/Q-Q_plots_VAST.png>] [120 <./Figures/VAST_NWFSCcombo
/NWFSC_index_compare.png>]
<Figures/Logbook_CPUE/GLMdiagnosticslognormal_B500.png, id=1557, 702.625pt x 60
2.25pt>
File: Figures/Logbook_CPUE/GLMdiagnosticslognormal_B500.png Graphic file (type 
png)
 <use Figures/Logbook_CPUE/GLMdiagnosticslognormal_B500.png>
Package pdftex.def Info: Figures/Logbook_CPUE/GLMdiagnosticslognormal_B500.png 
used on input line 4590.
(pdftex.def)             Requested size: 469.76996pt x 402.65996pt.

<Figures/Logbook_CPUE/GLMdiagnosticsgamma_B500.png, id=1558, 702.625pt x 602.25
pt>
File: Figures/Logbook_CPUE/GLMdiagnosticsgamma_B500.png Graphic file (type png)

 <use Figures/Logbook_CPUE/GLMdiagnosticsgamma_B500.png>
Package pdftex.def Info: Figures/Logbook_CPUE/GLMdiagnosticsgamma_B500.png used
 on input line 4598.
(pdftex.def)             Requested size: 469.76996pt x 402.65996pt.
 [121

 <./Figures/Logbook_CPUE/GLMdiagnosticslognormal_B500.png>] [122 <./Figures/Log
book_CPUE/GLMdiagnosticsgamma_B500.png>]
<Figures/MRFSS_CPUE/GLMdiagnosticslognormalMRFSS.png, id=1570, 702.625pt x 602.
25pt>
File: Figures/MRFSS_CPUE/GLMdiagnosticslognormalMRFSS.png Graphic file (type pn
g)
 <use Figures/MRFSS_CPUE/GLMdiagnosticslognormalMRFSS.png>
Package pdftex.def Info: Figures/MRFSS_CPUE/GLMdiagnosticslognormalMRFSS.png us
ed on input line 4610.
(pdftex.def)             Requested size: 469.76996pt x 402.65996pt.

<Figures/MRFSS_CPUE/GLMdiagnosticsgammaMRFSS.png, id=1571, 702.625pt x 602.25pt
>
File: Figures/MRFSS_CPUE/GLMdiagnosticsgammaMRFSS.png Graphic file (type png)
 <use Figures/MRFSS_CPUE/GLMdiagnosticsgammaMRFSS.png>
Package pdftex.def Info: Figures/MRFSS_CPUE/GLMdiagnosticsgammaMRFSS.png used o
n input line 4618.
(pdftex.def)             Requested size: 469.76996pt x 402.65996pt.
 [123 <./Figures/MRFSS_CPUE/GLMdiagnosticslognormalMRFSS.png>] [124 <./Figures/
MRFSS_CPUE/GLMdiagnosticsgammaMRFSS.png>]
<r4ss/plots_mod1/index0_all_indices_fit.png, id=1582, 469.755pt x 361.35pt>
File: r4ss/plots_mod1/index0_all_indices_fit.png Graphic file (type png)

<use r4ss/plots_mod1/index0_all_indices_fit.png>
Package pdftex.def Info: r4ss/plots_mod1/index0_all_indices_fit.png used on inp
ut line 4631.
(pdftex.def)             Requested size: 469.75386pt x 361.34912pt.
 [125 <./r4ss/plots_mod1/index0_all_indices_fit.png>]
<r4ss/plots_mod1/comp_lendat__page1_multi-fleet_comparison.png, id=1588, 469.75
5pt x 542.025pt>
File: r4ss/plots_mod1/comp_lendat__page1_multi-fleet_comparison.png Graphic fil
e (type png)

<use r4ss/plots_mod1/comp_lendat__page1_multi-fleet_comparison.png>
Package pdftex.def Info: r4ss/plots_mod1/comp_lendat__page1_multi-fleet_compari
son.png used on input line 4645.
(pdftex.def)             Requested size: 469.75386pt x 542.02367pt.

<r4ss/plots_mod1/comp_lendat__page2_multi-fleet_comparison.png, id=1589, 469.75
5pt x 542.025pt>
File: r4ss/plots_mod1/comp_lendat__page2_multi-fleet_comparison.png Graphic fil
e (type png)

<use r4ss/plots_mod1/comp_lendat__page2_multi-fle