\BOOKMARK [1][-]{section*.2}{\376\377\000E\000x\000e\000c\000u\000t\000i\000v\000e\000\040\000S\000u\000m\000m\000a\000r\000y}{}% 1
\BOOKMARK [2][-]{section*.3}{\376\377\000S\000t\000o\000c\000k}{section*.2}% 2
\BOOKMARK [2][-]{section*.5}{\376\377\000C\000a\000t\000c\000h\000e\000s}{section*.2}% 3
\BOOKMARK [2][-]{section*.10}{\376\377\000D\000a\000t\000a\000\040\000a\000n\000d\000\040\000A\000s\000s\000e\000s\000s\000m\000e\000n\000t}{section*.2}% 4
\BOOKMARK [2][-]{section*.11}{\376\377\000S\000t\000o\000c\000k\000\040\000B\000i\000o\000m\000a\000s\000s}{section*.2}% 5
\BOOKMARK [2][-]{section*.16}{\376\377\000R\000e\000c\000r\000u\000i\000t\000m\000e\000n\000t}{section*.2}% 6
\BOOKMARK [2][-]{section*.20}{\376\377\000E\000x\000p\000l\000o\000i\000t\000a\000t\000i\000o\000n\000\040\000s\000t\000a\000t\000u\000s}{section*.2}% 7
\BOOKMARK [2][-]{section*.25}{\376\377\000E\000c\000o\000s\000y\000s\000t\000e\000m\000\040\000C\000o\000n\000s\000i\000d\000e\000r\000a\000t\000i\000o\000n\000s}{section*.2}% 8
\BOOKMARK [2][-]{section*.26}{\376\377\000R\000e\000f\000e\000r\000e\000n\000c\000e\000\040\000P\000o\000i\000n\000t\000s}{section*.2}% 9
\BOOKMARK [2][-]{section*.29}{\376\377\000M\000a\000n\000a\000g\000e\000m\000e\000n\000t\000\040\000P\000e\000r\000f\000o\000r\000m\000a\000n\000c\000e}{section*.2}% 10
\BOOKMARK [2][-]{section*.32}{\376\377\000U\000n\000r\000e\000s\000o\000l\000v\000e\000d\000\040\000P\000r\000o\000b\000l\000e\000m\000s\000\040\000A\000n\000d\000\040\000M\000a\000j\000o\000r\000\040\000U\000n\000c\000e\000r\000t\000a\000i\000n\000t\000i\000e\000s}{section*.2}% 11
\BOOKMARK [2][-]{section*.33}{\376\377\000D\000e\000c\000i\000s\000i\000o\000n\000\040\000T\000a\000b\000l\000e\000s}{section*.2}% 12
\BOOKMARK [2][-]{section*.39}{\376\377\000R\000e\000s\000e\000a\000r\000c\000h\000\040\000A\000n\000d\000\040\000D\000a\000t\000a\000\040\000N\000e\000e\000d\000s}{section*.2}% 13
\BOOKMARK [1][-]{section.1}{\376\377\000I\000n\000t\000r\000o\000d\000u\000c\000t\000i\000o\000n}{}% 14
\BOOKMARK [2][-]{subsection.1.1}{\376\377\000B\000a\000s\000i\000c\000\040\000I\000n\000f\000o\000r\000m\000a\000t\000i\000o\000n}{section.1}% 15
\BOOKMARK [2][-]{subsection.1.2}{\376\377\000L\000i\000f\000e\000\040\000H\000i\000s\000t\000o\000r\000y}{section.1}% 16
\BOOKMARK [2][-]{section*.40}{\376\377\000E\000c\000o\000s\000y\000s\000t\000e\000m\000\040\000C\000o\000n\000s\000i\000d\000e\000r\000a\000t\000i\000o\000n\000s}{section.1}% 17
\BOOKMARK [2][-]{subsection.1.3}{\376\377\000F\000i\000s\000h\000e\000r\000y\000\040\000a\000n\000d\000\040\000M\000a\000n\000a\000g\000e\000m\000e\000n\000t\000\040\000H\000i\000s\000t\000o\000r\000y}{section.1}% 18
\BOOKMARK [2][-]{subsection.1.4}{\376\377\000A\000s\000s\000e\000s\000s\000m\000e\000n\000t\000\040\000H\000i\000s\000t\000o\000r\000y}{section.1}% 19
\BOOKMARK [2][-]{subsection.1.5}{\376\377\000F\000i\000s\000h\000e\000r\000i\000e\000s\000\040\000o\000f\000f\000\040\000C\000a\000n\000a\000d\000a\000,\000\040\000A\000l\000a\000s\000k\000a\000,\000\040\000a\000n\000d\000/\000o\000r\000\040\000M\000e\000x\000i\000c\000o}{section.1}% 20
\BOOKMARK [1][-]{section.2}{\376\377\000D\000a\000t\000a}{}% 21
\BOOKMARK [2][-]{subsection.2.1}{\376\377\000N\000o\000r\000t\000h\000e\000r\000n\000\040\000M\000o\000d\000e\000l\000\040\000D\000a\000t\000a}{section.2}% 22
\BOOKMARK [3][-]{subsubsection.2.1.1}{\376\377\000C\000o\000m\000m\000e\000r\000c\000i\000a\000l\000\040\000F\000i\000s\000h\000e\000r\000y\000\040\000L\000a\000n\000d\000i\000n\000g\000s}{subsection.2.1}% 23
\BOOKMARK [3][-]{subsubsection.2.1.2}{\376\377\000S\000p\000o\000r\000t\000\040\000F\000i\000s\000h\000e\000r\000y\000\040\000R\000e\000m\000o\000v\000a\000l\000s}{subsection.2.1}% 24
\BOOKMARK [3][-]{subsubsection.2.1.3}{\376\377\000E\000s\000t\000i\000m\000a\000t\000e\000d\000\040\000D\000i\000s\000c\000a\000r\000d\000s}{subsection.2.1}% 25
\BOOKMARK [3][-]{subsubsection.2.1.4}{\376\377\000A\000b\000u\000n\000d\000a\000n\000c\000e\000\040\000I\000n\000d\000i\000c\000e\000s\000\040}{subsection.2.1}% 26
\BOOKMARK [3][-]{subsubsection.2.1.5}{\376\377\000F\000i\000s\000h\000e\000r\000y\000-\000I\000n\000d\000e\000p\000e\000n\000d\000e\000n\000t\000\040\000D\000a\000t\000a}{subsection.2.1}% 27
\BOOKMARK [3][-]{subsubsection.2.1.6}{\376\377\000B\000i\000o\000l\000o\000g\000i\000c\000a\000l\000\040\000S\000a\000m\000p\000l\000e\000s}{subsection.2.1}% 28
\BOOKMARK [2][-]{subsection.2.2}{\376\377\000S\000o\000u\000t\000h\000e\000r\000n\000\040\000M\000o\000d\000e\000l\000\040\000D\000a\000t\000a}{section.2}% 29
\BOOKMARK [3][-]{subsubsection.2.2.1}{\376\377\000C\000o\000m\000m\000e\000r\000c\000i\000a\000l\000\040\000F\000i\000s\000h\000e\000r\000y\000\040\000L\000a\000n\000d\000i\000n\000g\000s}{subsection.2.2}% 30
\BOOKMARK [3][-]{subsubsection.2.2.2}{\376\377\000S\000p\000o\000r\000t\000\040\000F\000i\000s\000h\000e\000r\000y\000\040\000R\000e\000m\000o\000v\000a\000l\000s}{subsection.2.2}% 31
\BOOKMARK [3][-]{subsubsection.2.2.3}{\376\377\000E\000s\000t\000i\000m\000a\000t\000e\000d\000\040\000D\000i\000s\000c\000a\000r\000d\000s}{subsection.2.2}% 32
\BOOKMARK [3][-]{subsubsection.2.2.4}{\376\377\000A\000b\000u\000n\000d\000a\000n\000c\000e\000\040\000I\000n\000d\000i\000c\000e\000s}{subsection.2.2}% 33
\BOOKMARK [3][-]{subsubsection.2.2.5}{\376\377\000F\000i\000s\000h\000e\000r\000y\000-\000I\000n\000d\000e\000p\000e\000n\000d\000e\000n\000t\000\040\000D\000a\000t\000a}{subsection.2.2}% 34
\BOOKMARK [3][-]{subsubsection.2.2.6}{\376\377\000B\000i\000o\000l\000o\000g\000i\000c\000a\000l\000\040\000S\000a\000m\000p\000l\000e\000s}{subsection.2.2}% 35
\BOOKMARK [2][-]{subsection.2.3}{\376\377\000B\000i\000o\000l\000o\000g\000i\000c\000a\000l\000\040\000P\000a\000r\000a\000m\000e\000t\000e\000r\000s\000\040\000C\000o\000m\000m\000o\000n\000\040\000t\000o\000\040\000B\000o\000t\000h\000\040\000M\000o\000d\000e\000l\000s\000\040}{section.2}% 36
\BOOKMARK [3][-]{subsubsection.2.3.1}{\376\377\000E\000n\000v\000i\000r\000o\000n\000m\000e\000n\000t\000a\000l\000\040\000O\000r\000\040\000E\000c\000o\000s\000y\000s\000t\000e\000m\000\040\000D\000a\000t\000a\000\040\000I\000n\000c\000l\000u\000d\000e\000d\000\040\000I\000n\000\040\000T\000h\000e\000\040\000A\000s\000s\000e\000s\000s\000m\000e\000n\000t}{subsection.2.3}% 37
\BOOKMARK [1][-]{section.3}{\376\377\000A\000s\000s\000e\000s\000s\000m\000e\000n\000t}{}% 38
\BOOKMARK [2][-]{subsection.3.1}{\376\377\000H\000i\000s\000t\000o\000r\000y\000\040\000O\000f\000\040\000M\000o\000d\000e\000l\000i\000n\000g\000\040\000A\000p\000p\000r\000o\000a\000c\000h\000e\000s\000\040\000U\000s\000e\000d\000\040\000F\000o\000r\000\040\000T\000h\000i\000s\000\040\000S\000t\000o\000c\000k}{section.3}% 39
\BOOKMARK [3][-]{subsubsection.3.1.1}{\376\377\000P\000r\000e\000v\000i\000o\000u\000s\000\040\000A\000s\000s\000e\000s\000s\000m\000e\000n\000t\000\040\000R\000e\000c\000o\000m\000m\000e\000n\000d\000a\000t\000i\000o\000n\000s}{subsection.3.1}% 40
\BOOKMARK [2][-]{subsection.3.2}{\376\377\000M\000o\000d\000e\000l\000\040\000D\000e\000s\000c\000r\000i\000p\000t\000i\000o\000n}{section.3}% 41
\BOOKMARK [3][-]{subsubsection.3.2.1}{\376\377\000T\000r\000a\000n\000s\000i\000t\000i\000o\000n\000\040\000T\000o\000\040\000T\000h\000e\000\040\000C\000u\000r\000r\000e\000n\000t\000\040\000S\000t\000o\000c\000k\000\040\000A\000s\000s\000e\000s\000s\000m\000e\000n\000t}{subsection.3.2}% 42
\BOOKMARK [3][-]{subsubsection.3.2.2}{\376\377\000D\000e\000f\000i\000n\000i\000t\000i\000o\000n\000\040\000o\000f\000\040\000F\000l\000e\000e\000t\000s\000\040\000a\000n\000d\000\040\000A\000r\000e\000a\000s}{subsection.3.2}% 43
\BOOKMARK [3][-]{subsubsection.3.2.3}{\376\377\000M\000o\000d\000e\000l\000i\000n\000g\000\040\000S\000o\000f\000t\000w\000a\000r\000e}{subsection.3.2}% 44
\BOOKMARK [3][-]{subsubsection.3.2.4}{\376\377\000D\000a\000t\000a\000\040\000W\000e\000i\000g\000h\000t\000i\000n\000g}{subsection.3.2}% 45
\BOOKMARK [3][-]{subsubsection.3.2.5}{\376\377\000P\000r\000i\000o\000r\000s\000\040}{subsection.3.2}% 46
\BOOKMARK [3][-]{subsubsection.3.2.6}{\376\377\000G\000e\000n\000e\000r\000a\000l\000\040\000M\000o\000d\000e\000l\000\040\000S\000p\000e\000c\000i\000f\000i\000c\000a\000t\000i\000o\000n\000s}{subsection.3.2}% 47
\BOOKMARK [3][-]{subsubsection.3.2.7}{\376\377\000E\000s\000t\000i\000m\000a\000t\000e\000d\000\040\000A\000n\000d\000\040\000F\000i\000x\000e\000d\000\040\000P\000a\000r\000a\000m\000e\000t\000e\000r\000s}{subsection.3.2}% 48
\BOOKMARK [2][-]{subsection.3.3}{\376\377\000M\000o\000d\000e\000l\000\040\000S\000e\000l\000e\000c\000t\000i\000o\000n\000\040\000a\000n\000d\000\040\000E\000v\000a\000l\000u\000a\000t\000i\000o\000n}{section.3}% 49
\BOOKMARK [3][-]{subsubsection.3.3.1}{\376\377\000K\000e\000y\000\040\000A\000s\000s\000u\000m\000p\000t\000i\000o\000n\000s\000\040\000a\000n\000d\000\040\000S\000t\000r\000u\000c\000t\000u\000r\000a\000l\000\040\000C\000h\000o\000i\000c\000e\000s}{subsection.3.3}% 50
\BOOKMARK [3][-]{subsubsection.3.3.2}{\376\377\000A\000l\000t\000e\000r\000n\000a\000t\000e\000\040\000M\000o\000d\000e\000l\000s\000\040\000C\000o\000n\000s\000i\000d\000e\000r\000e\000d}{subsection.3.3}% 51
\BOOKMARK [3][-]{subsubsection.3.3.3}{\376\377\000C\000o\000n\000v\000e\000r\000g\000e\000n\000c\000e}{subsection.3.3}% 52
\BOOKMARK [2][-]{subsection.3.4}{\376\377\000R\000e\000s\000p\000o\000n\000s\000e\000\040\000T\000o\000\040\000T\000h\000e\000\040\000C\000u\000r\000r\000e\000n\000t\000\040\000S\000T\000A\000R\000\040\000P\000a\000n\000e\000l\000\040\000R\000e\000q\000u\000e\000s\000t\000s}{section.3}% 53
\BOOKMARK [2][-]{subsection.3.5}{\376\377\000L\000i\000f\000e\000\040\000H\000i\000s\000t\000o\000r\000y\000\040\000R\000e\000s\000u\000l\000t\000s\000\040\000f\000o\000r\000\040\000b\000o\000t\000h\000\040\000m\000o\000d\000e\000l\000s}{section.3}% 54
\BOOKMARK [2][-]{subsection.3.6}{\376\377\000N\000o\000r\000t\000h\000e\000r\000n\000\040\000M\000o\000d\000e\000l\000\040\000B\000a\000s\000e\000\040\000C\000a\000s\000e\000\040\000R\000e\000s\000u\000l\000t\000s}{section.3}% 55
\BOOKMARK [3][-]{subsubsection.3.6.1}{\376\377\000S\000e\000l\000e\000c\000t\000i\000v\000i\000t\000i\000e\000s\000,\000\040\000I\000n\000d\000i\000c\000e\000s\000\040\000a\000n\000d\000\040\000D\000i\000s\000c\000a\000r\000d\000s}{subsection.3.6}% 56
\BOOKMARK [3][-]{subsubsection.3.6.2}{\376\377\000L\000e\000n\000g\000t\000h\000s}{subsection.3.6}% 57
\BOOKMARK [3][-]{subsubsection.3.6.3}{\376\377\000A\000g\000e\000s}{subsection.3.6}% 58
\BOOKMARK [3][-]{subsubsection.3.6.4}{\376\377\000N\000o\000r\000t\000h\000e\000r\000n\000\040\000M\000o\000d\000e\000l\000\040\000P\000a\000r\000a\000m\000e\000t\000e\000r\000s}{subsection.3.6}% 59
\BOOKMARK [3][-]{subsubsection.3.6.5}{\376\377\000N\000o\000r\000t\000h\000e\000r\000n\000\040\000M\000o\000d\000e\000l\000\040\000U\000n\000c\000e\000r\000t\000a\000i\000n\000t\000y\000\040\000a\000n\000d\000\040\000S\000e\000n\000s\000i\000t\000i\000v\000i\000t\000y\000\040\000A\000n\000a\000l\000y\000s\000e\000s}{subsection.3.6}% 60
\BOOKMARK [3][-]{subsubsection.3.6.6}{\376\377\000N\000o\000r\000t\000h\000e\000r\000n\000\040\000M\000o\000d\000e\000l\000\040\000L\000i\000k\000e\000l\000i\000h\000o\000o\000d\000\040\000P\000r\000o\000f\000i\000l\000e\000s}{subsection.3.6}% 61
\BOOKMARK [3][-]{subsubsection.3.6.7}{\376\377\000N\000o\000r\000t\000h\000e\000r\000n\000\040\000M\000o\000d\000e\000l\000\040\000R\000e\000t\000r\000o\000s\000p\000e\000c\000t\000i\000v\000e\000\040\000A\000n\000a\000l\000y\000s\000i\000s}{subsection.3.6}% 62
\BOOKMARK [3][-]{subsubsection.3.6.8}{\376\377\000N\000o\000r\000t\000h\000e\000r\000n\000\040\000M\000o\000d\000e\000l\000\040\000R\000e\000f\000e\000r\000e\000n\000c\000e\000\040\000P\000o\000i\000n\000t\000s}{subsection.3.6}% 63
\BOOKMARK [2][-]{subsection.3.7}{\376\377\000S\000o\000u\000t\000h\000e\000r\000n\000\040\000M\000o\000d\000e\000l\000\040\000B\000a\000s\000e\000\040\000C\000a\000s\000e\000\040\000R\000e\000s\000u\000l\000t\000s}{section.3}% 64
\BOOKMARK [3][-]{subsubsection.3.7.1}{\376\377\000S\000o\000u\000t\000h\000e\000r\000n\000\040\000M\000o\000d\000e\000l\000\040\000S\000e\000l\000e\000c\000t\000i\000v\000i\000t\000i\000e\000s\000,\000\040\000I\000n\000d\000i\000c\000e\000s\000\040\000a\000n\000d\000\040\000D\000i\000s\000c\000a\000r\000d\000s}{subsection.3.7}% 65
\BOOKMARK [3][-]{subsubsection.3.7.2}{\376\377\000S\000o\000u\000t\000h\000e\000r\000n\000\040\000M\000o\000d\000e\000l\000\040\000L\000e\000n\000g\000t\000h\000s}{subsection.3.7}% 66
\BOOKMARK [3][-]{subsubsection.3.7.3}{\376\377\000S\000o\000u\000t\000h\000e\000r\000n\000\040\000M\000o\000d\000e\000l\000\040\000A\000g\000e\000s}{subsection.3.7}% 67
\BOOKMARK [3][-]{subsubsection.3.7.4}{\376\377\000S\000o\000u\000t\000h\000e\000r\000n\000\040\000M\000o\000d\000e\000l\000\040\000P\000a\000r\000a\000m\000e\000t\000e\000r\000s}{subsection.3.7}% 68
\BOOKMARK [3][-]{subsubsection.3.7.5}{\376\377\000S\000o\000u\000t\000h\000e\000r\000n\000\040\000M\000o\000d\000e\000l\000\040\000U\000n\000c\000e\000r\000t\000a\000i\000n\000t\000y\000\040\000a\000n\000d\000\040\000S\000e\000n\000s\000i\000t\000i\000v\000i\000t\000y\000\040\000A\000n\000a\000l\000y\000s\000e\000s}{subsection.3.7}% 69
\BOOKMARK [3][-]{subsubsection.3.7.6}{\376\377\000S\000o\000u\000t\000h\000e\000r\000n\000\040\000M\000o\000d\000e\000l\000\040\000L\000i\000k\000e\000l\000i\000h\000o\000o\000d\000\040\000P\000r\000o\000f\000i\000l\000e\000s}{subsection.3.7}% 70
\BOOKMARK [3][-]{subsubsection.3.7.7}{\376\377\000S\000o\000u\000t\000h\000e\000r\000n\000\040\000M\000o\000d\000e\000l\000\040\000R\000e\000t\000r\000o\000s\000p\000e\000c\000t\000i\000v\000e\000\040\000A\000n\000a\000l\000y\000s\000i\000s}{subsection.3.7}% 71
\BOOKMARK [3][-]{subsubsection.3.7.8}{\376\377\000S\000o\000u\000t\000h\000e\000r\000n\000\040\000M\000o\000d\000e\000l\000\040\000R\000e\000f\000e\000r\000e\000n\000c\000e\000\040\000P\000o\000i\000n\000t\000s}{subsection.3.7}% 72
\BOOKMARK [1][-]{section.4}{\376\377\000H\000a\000r\000v\000e\000s\000t\000\040\000P\000r\000o\000j\000e\000c\000t\000i\000o\000n\000s\000\040\000a\000n\000d\000\040\000D\000e\000c\000i\000s\000i\000o\000n\000\040\000T\000a\000b\000l\000e\000s}{}% 73
\BOOKMARK [1][-]{section.5}{\376\377\000R\000e\000g\000i\000o\000n\000a\000l\000\040\000M\000a\000n\000a\000g\000e\000m\000e\000n\000t\000\040\000C\000o\000n\000s\000i\000d\000e\000r\000a\000t\000i\000o\000n\000s}{}% 74
\BOOKMARK [1][-]{section.6}{\376\377\000R\000e\000s\000e\000a\000r\000c\000h\000\040\000N\000e\000e\000d\000s}{}% 75
\BOOKMARK [1][-]{section.7}{\376\377\000A\000c\000k\000n\000o\000w\000l\000e\000d\000g\000m\000e\000n\000t\000s}{}% 76
\BOOKMARK [1][-]{section.8}{\376\377\000T\000a\000b\000l\000e\000s}{}% 77
\BOOKMARK [2][-]{subsection.8.1}{\376\377\000N\000o\000r\000t\000h\000e\000r\000n\000\040\000M\000o\000d\000e\000l\000\040\000T\000a\000b\000l\000e\000s}{section.8}% 78
\BOOKMARK [2][-]{subsection.8.2}{\376\377\000S\000o\000u\000t\000h\000e\000r\000n\000\040\000M\000o\000d\000e\000l\000\040\000T\000a\000b\000l\000e\000s}{section.8}% 79
\BOOKMARK [1][-]{section.9}{\376\377\000F\000i\000g\000u\000r\000e\000s}{}% 80
\BOOKMARK [2][-]{subsection.9.1}{\376\377\000L\000i\000f\000e\000\040\000h\000i\000s\000t\000o\000r\000y\000\040\000\050\000m\000a\000t\000u\000r\000i\000t\000y\000,\000\040\000f\000e\000c\000u\000n\000d\000i\000t\000y\000,\000\040\000a\000n\000d\000\040\000g\000r\000o\000w\000t\000h\000\051\000\040\000f\000o\000r\000\040\000b\000o\000t\000h\000\040\000m\000o\000d\000e\000l\000s}{section.9}% 81
\BOOKMARK [2][-]{subsection.9.2}{\376\377\000D\000a\000t\000a\000\040\000a\000n\000d\000\040\000m\000o\000d\000e\000l\000\040\000f\000i\000t\000s\000\040\000f\000o\000r\000\040\000t\000h\000e\000\040\000N\000o\000r\000t\000h\000e\000r\000n\000\040\000m\000o\000d\000e\000l}{section.9}% 82
\BOOKMARK [3][-]{subsubsection.9.2.1}{\376\377\000S\000e\000l\000e\000c\000t\000i\000v\000i\000t\000y\000,\000\040\000r\000e\000t\000e\000n\000t\000i\000o\000n\000,\000\040\000a\000n\000d\000\040\000d\000i\000s\000c\000a\000r\000d\000s\000\040\000f\000o\000r\000\040\000N\000o\000r\000t\000h\000e\000r\000n\000\040\000m\000o\000d\000e\000l}{subsection.9.2}% 83
\BOOKMARK [3][-]{subsubsection.9.2.2}{\376\377\000A\000t\000-\000S\000e\000a\000\040\000H\000a\000k\000e\000\040\000B\000y\000c